[07-Apr-2024 11:17:25 UTC] PHP Fatal error:  Uncaught TypeError: error_log(): Argument #1 ($message) must be of type string, WPCF7_ContactForm given in /Users/kan/Local Sites/test/app/public/wp-content/themes/twentytwentyfour/functions.php:232
Stack trace:
#0 /Users/kan/Local Sites/test/app/public/wp-content/themes/twentytwentyfour/functions.php(232): error_log(Object(WPCF7_ContactForm))
#1 /Users/kan/Local Sites/test/app/public/wp-includes/class-wp-hook.php(324): save_my_form_data_to_my_cpt(Object(WPCF7_ContactForm))
#2 /Users/kan/Local Sites/test/app/public/wp-includes/class-wp-hook.php(348): WP_Hook->apply_filters(NULL, Array)
#3 /Users/kan/Local Sites/test/app/public/wp-includes/plugin.php(517): WP_Hook->do_action(Array)
#4 /Users/kan/Local Sites/test/app/public/wp-content/plugins/contact-form-7/includes/submission.php(127): do_action('wpcf7_mail_sent', Object(WPCF7_ContactForm))
#5 [internal function]: WPCF7_Submission->{closure}()
#6 /Users/kan/Local Sites/test/app/public/wp-content/plugins/contact-form-7/includes/l10n.php(147): call_user_func(Object(Closure))
#7 /Users/kan/Local Sites/test/app/public/wp-content/plugins/contact-form-7/includes/submission.php(137): wpcf7_switch_locale('en_US', Object(Closure))
#8 /Users/kan/Local Sites/test/app/public/wp-content/plugins/contact-form-7/includes/submission.php(35): WPCF7_Submission->proceed()
#9 /Users/kan/Local Sites/test/app/public/wp-content/plugins/contact-form-7/includes/contact-form.php(1063): WPCF7_Submission::get_instance(Object(WPCF7_ContactForm), Array)
#10 /Users/kan/Local Sites/test/app/public/wp-content/plugins/contact-form-7/includes/rest-api.php(365): WPCF7_ContactForm->submit()
#11 /Users/kan/Local Sites/test/app/public/wp-includes/rest-api/class-wp-rest-server.php(1230): WPCF7_REST_Controller->create_feedback(Object(WP_REST_Request))
#12 /Users/kan/Local Sites/test/app/public/wp-includes/rest-api/class-wp-rest-server.php(1063): WP_REST_Server->respond_to_request(Object(WP_REST_Request), '/contact-form-7...', Array, NULL)
#13 /Users/kan/Local Sites/test/app/public/wp-includes/rest-api/class-wp-rest-server.php(439): WP_REST_Server->dispatch(Object(WP_REST_Request))
#14 /Users/kan/Local Sites/test/app/public/wp-includes/rest-api.php(428): WP_REST_Server->serve_request('/contact-form-7...')
#15 /Users/kan/Local Sites/test/app/public/wp-includes/class-wp-hook.php(324): rest_api_loaded(Object(WP))
#16 /Users/kan/Local Sites/test/app/public/wp-includes/class-wp-hook.php(348): WP_Hook->apply_filters('', Array)
#17 /Users/kan/Local Sites/test/app/public/wp-includes/plugin.php(565): WP_Hook->do_action(Array)
#18 /Users/kan/Local Sites/test/app/public/wp-includes/class-wp.php(418): do_action_ref_array('parse_request', Array)
#19 /Users/kan/Local Sites/test/app/public/wp-includes/class-wp.php(813): WP->parse_request('')
#20 /Users/kan/Local Sites/test/app/public/wp-includes/functions.php(1336): WP->main('')
#21 /Users/kan/Local Sites/test/app/public/wp-blog-header.php(16): wp()
#22 /Users/kan/Local Sites/test/app/public/index.php(17): require('/Users/kan/Loca...')
#23 {main}
  thrown in /Users/kan/Local Sites/test/app/public/wp-content/themes/twentytwentyfour/functions.php on line 232
[07-Apr-2024 11:17:55 UTC] PHP Warning:  Undefined array key "tracking-info" in /Users/kan/Local Sites/test/app/public/wp-content/themes/twentytwentyfour/functions.php on line 237
[07-Apr-2024 11:17:55 UTC] HELLO EPTA
[07-Apr-2024 11:17:55 UTC] PHP Deprecated:  trim(): Passing null to parameter #1 ($string) of type string is deprecated in /Users/kan/Local Sites/test/app/public/wp-includes/class-wp-hook.php on line 324
[07-Apr-2024 11:19:18 UTC] PHP Warning:  Undefined array key "tracking-info" in /Users/kan/Local Sites/test/app/public/wp-content/themes/twentytwentyfour/functions.php on line 237
[07-Apr-2024 11:19:18 UTC] 1
[07-Apr-2024 11:19:18 UTC] PHP Deprecated:  trim(): Passing null to parameter #1 ($string) of type string is deprecated in /Users/kan/Local Sites/test/app/public/wp-includes/class-wp-hook.php on line 324
[07-Apr-2024 11:20:20 UTC] MY MESSAGE BELOW
[07-Apr-2024 11:20:20 UTC] 1
[07-Apr-2024 11:20:27 UTC] MY MESSAGE BELOW
[07-Apr-2024 11:20:27 UTC] 1
[07-Apr-2024 11:21:04 UTC] MY MESSAGE BELOW
[07-Apr-2024 11:21:04 UTC] Array
(
    [your-name] => asdf asdf
    [phonetext-94] => +380123213213
    [full_number] => 
    [phonetext-94-country-code] => +380
    [your-email] => 
    [your-message] => 
    [utm_source] => 
    [utm_medium] => 
    [utm_campaign] => 
    [utm_keyword] => 
    [utm_content] => 
)

[07-Apr-2024 11:22:52 UTC] MY MESSAGE BELOW
[07-Apr-2024 11:22:52 UTC] Array
(
    [your-name] => adsf asdf
    [phonetext-94] => +38012312312
    [full_number] => 
    [phonetext-94-country-code] => +380
    [your-email] => sadf@gmc.c
    [your-message] => sdafasdf
    [utm_source] => 
    [utm_medium] => 
    [utm_campaign] => 
    [utm_keyword] => 
    [utm_content] => 
)

[07-Apr-2024 11:29:35 UTC] MY MESSAGE BELOW
[07-Apr-2024 11:29:35 UTC] Array
(
    [your-name] => asdf asdf
    [phonetext-94] => +380213
    [full_number] => 
    [phonetext-94-country-code] => +380
    [your-email] => 
    [your-message] => 
    [utm_source] => 
    [utm_medium] => 
    [utm_campaign] => 
    [utm_keyword] => 
    [utm_content] => 
)

[07-Apr-2024 11:30:41 UTC] MY MESSAGE BELOW
[07-Apr-2024 11:30:41 UTC] Array
(
    [your-name] => sadfaf asdf
    [phonetext-94] => +380801231231
    [full_number] => 
    [phonetext-94-country-code] => +380
    [your-email] => 
    [your-message] => 
    [utm_source] => 
    [utm_medium] => 
    [utm_campaign] => 
    [utm_keyword] => 
    [utm_content] => 
)

[07-Apr-2024 11:30:41 UTC] 342
[07-Apr-2024 13:47:03 UTC] MY MESSAGE BELOW
[07-Apr-2024 13:47:03 UTC] Array
(
    [your-name] => dsdafasdf sdafasdfa
    [phonetext-94] => +3803213123
    [full_number] => 
    [phonetext-94-country-code] => +380
    [your-email] => asdfsdf@g.c
    [your-message] => sadfasdf
    [utm_source] => 
    [utm_medium] => 
    [utm_campaign] => 
    [utm_keyword] => 
    [utm_content] => 
)

[07-Apr-2024 13:47:03 UTC] 344
[07-Apr-2024 13:49:36 UTC] PHP Parse error:  syntax error, unexpected identifier "write_log" in /Users/kan/Local Sites/test/app/public/wp-content/plugins/cta-leads/cta_leads.php on line 85
[07-Apr-2024 13:49:36 UTC] PHP Notice:  Function is_embed was called incorrectly. Conditional query tags do not work before the query is run. Before then, they always return false. Please see <a>Debugging in WordPress</a> for more information. (This message was added in version 3.1.0.) in /Users/kan/Local Sites/test/app/public/wp-includes/functions.php on line 6078
[07-Apr-2024 13:49:36 UTC] PHP Notice:  Function is_search was called incorrectly. Conditional query tags do not work before the query is run. Before then, they always return false. Please see <a>Debugging in WordPress</a> for more information. (This message was added in version 3.1.0.) in /Users/kan/Local Sites/test/app/public/wp-includes/functions.php on line 6078
[07-Apr-2024 13:49:36 UTC] PHP Parse error:  syntax error, unexpected identifier "write_log" in /Users/kan/Local Sites/test/app/public/wp-content/plugins/cta-leads/cta_leads.php on line 85
[07-Apr-2024 13:49:36 UTC] PHP Notice:  Function is_embed was called incorrectly. Conditional query tags do not work before the query is run. Before then, they always return false. Please see <a>Debugging in WordPress</a> for more information. (This message was added in version 3.1.0.) in /Users/kan/Local Sites/test/app/public/wp-includes/functions.php on line 6078
[07-Apr-2024 13:49:36 UTC] PHP Notice:  Function is_search was called incorrectly. Conditional query tags do not work before the query is run. Before then, they always return false. Please see <a>Debugging in WordPress</a> for more information. (This message was added in version 3.1.0.) in /Users/kan/Local Sites/test/app/public/wp-includes/functions.php on line 6078
[07-Apr-2024 13:49:48 UTC] custom_lead_column
[07-Apr-2024 13:49:48 UTC] 1
[07-Apr-2024 13:49:48 UTC] custom_lead_column
[07-Apr-2024 13:49:48 UTC] 1
[07-Apr-2024 13:49:48 UTC] custom_lead_column
[07-Apr-2024 13:49:48 UTC] 1
[07-Apr-2024 13:49:48 UTC] custom_lead_column
[07-Apr-2024 13:49:48 UTC] 1
[07-Apr-2024 13:49:48 UTC] custom_lead_column
[07-Apr-2024 13:49:48 UTC] 1
[07-Apr-2024 13:49:48 UTC] custom_lead_column
[07-Apr-2024 13:49:48 UTC] 1
[07-Apr-2024 13:49:48 UTC] custom_lead_column
[07-Apr-2024 13:49:48 UTC] 1
[07-Apr-2024 13:49:48 UTC] custom_lead_column
[07-Apr-2024 13:49:48 UTC] 1
[07-Apr-2024 13:49:48 UTC] custom_lead_column
[07-Apr-2024 13:49:48 UTC] 1
[07-Apr-2024 13:49:48 UTC] custom_lead_column
[07-Apr-2024 13:49:48 UTC] 1
[07-Apr-2024 13:54:00 UTC] custom_lead_column
[07-Apr-2024 13:54:00 UTC] name
[07-Apr-2024 13:54:00 UTC] custom_lead_column
[07-Apr-2024 13:54:00 UTC] email
[07-Apr-2024 13:54:00 UTC] custom_lead_column
[07-Apr-2024 13:54:00 UTC] message
[07-Apr-2024 13:54:00 UTC] custom_lead_column
[07-Apr-2024 13:54:00 UTC] phone_number
[07-Apr-2024 13:54:00 UTC] custom_lead_column
[07-Apr-2024 13:54:00 UTC] utm_source
[07-Apr-2024 13:54:00 UTC] custom_lead_column
[07-Apr-2024 13:54:00 UTC] utm_medium
[07-Apr-2024 13:54:00 UTC] custom_lead_column
[07-Apr-2024 13:54:00 UTC] utm_campaign
[07-Apr-2024 13:54:00 UTC] custom_lead_column
[07-Apr-2024 13:54:00 UTC] utm_keyword
[07-Apr-2024 13:54:00 UTC] custom_lead_column
[07-Apr-2024 13:54:00 UTC] utm_content
[07-Apr-2024 13:54:00 UTC] custom_lead_column
[07-Apr-2024 13:54:00 UTC] tracking-info
[07-Apr-2024 13:54:01 UTC] custom_lead_column
[07-Apr-2024 13:54:01 UTC] name
[07-Apr-2024 13:54:01 UTC] custom_lead_column
[07-Apr-2024 13:54:01 UTC] email
[07-Apr-2024 13:54:01 UTC] custom_lead_column
[07-Apr-2024 13:54:01 UTC] message
[07-Apr-2024 13:54:01 UTC] custom_lead_column
[07-Apr-2024 13:54:01 UTC] phone_number
[07-Apr-2024 13:54:01 UTC] custom_lead_column
[07-Apr-2024 13:54:01 UTC] utm_source
[07-Apr-2024 13:54:01 UTC] custom_lead_column
[07-Apr-2024 13:54:01 UTC] utm_medium
[07-Apr-2024 13:54:01 UTC] custom_lead_column
[07-Apr-2024 13:54:01 UTC] utm_campaign
[07-Apr-2024 13:54:01 UTC] custom_lead_column
[07-Apr-2024 13:54:01 UTC] utm_keyword
[07-Apr-2024 13:54:01 UTC] custom_lead_column
[07-Apr-2024 13:54:01 UTC] utm_content
[07-Apr-2024 13:54:01 UTC] custom_lead_column
[07-Apr-2024 13:54:01 UTC] tracking-info
[07-Apr-2024 13:54:45 UTC] custom_lead_column
[07-Apr-2024 13:54:45 UTC] name
[07-Apr-2024 13:54:45 UTC] name
[07-Apr-2024 13:54:45 UTC] 
[07-Apr-2024 13:54:45 UTC] custom_lead_column
[07-Apr-2024 13:54:45 UTC] email
[07-Apr-2024 13:54:45 UTC] custom_lead_column
[07-Apr-2024 13:54:45 UTC] message
[07-Apr-2024 13:54:45 UTC] custom_lead_column
[07-Apr-2024 13:54:45 UTC] phone_number
[07-Apr-2024 13:54:45 UTC] custom_lead_column
[07-Apr-2024 13:54:45 UTC] utm_source
[07-Apr-2024 13:54:45 UTC] custom_lead_column
[07-Apr-2024 13:54:45 UTC] utm_medium
[07-Apr-2024 13:54:45 UTC] custom_lead_column
[07-Apr-2024 13:54:45 UTC] utm_campaign
[07-Apr-2024 13:54:45 UTC] custom_lead_column
[07-Apr-2024 13:54:45 UTC] utm_keyword
[07-Apr-2024 13:54:45 UTC] custom_lead_column
[07-Apr-2024 13:54:45 UTC] utm_content
[07-Apr-2024 13:54:45 UTC] custom_lead_column
[07-Apr-2024 13:54:45 UTC] tracking-info
[07-Apr-2024 13:54:46 UTC] custom_lead_column
[07-Apr-2024 13:54:46 UTC] name
[07-Apr-2024 13:54:46 UTC] name
[07-Apr-2024 13:54:46 UTC] 
[07-Apr-2024 13:54:46 UTC] custom_lead_column
[07-Apr-2024 13:54:46 UTC] email
[07-Apr-2024 13:54:46 UTC] custom_lead_column
[07-Apr-2024 13:54:46 UTC] message
[07-Apr-2024 13:54:46 UTC] custom_lead_column
[07-Apr-2024 13:54:46 UTC] phone_number
[07-Apr-2024 13:54:46 UTC] custom_lead_column
[07-Apr-2024 13:54:46 UTC] utm_source
[07-Apr-2024 13:54:46 UTC] custom_lead_column
[07-Apr-2024 13:54:46 UTC] utm_medium
[07-Apr-2024 13:54:46 UTC] custom_lead_column
[07-Apr-2024 13:54:46 UTC] utm_campaign
[07-Apr-2024 13:54:46 UTC] custom_lead_column
[07-Apr-2024 13:54:46 UTC] utm_keyword
[07-Apr-2024 13:54:46 UTC] custom_lead_column
[07-Apr-2024 13:54:46 UTC] utm_content
[07-Apr-2024 13:54:46 UTC] custom_lead_column
[07-Apr-2024 13:54:46 UTC] tracking-info
[07-Apr-2024 13:54:49 UTC] custom_lead_column
[07-Apr-2024 13:54:49 UTC] name
[07-Apr-2024 13:54:49 UTC] name
[07-Apr-2024 13:54:49 UTC] 
[07-Apr-2024 13:54:49 UTC] custom_lead_column
[07-Apr-2024 13:54:49 UTC] email
[07-Apr-2024 13:54:49 UTC] custom_lead_column
[07-Apr-2024 13:54:49 UTC] message
[07-Apr-2024 13:54:49 UTC] custom_lead_column
[07-Apr-2024 13:54:49 UTC] phone_number
[07-Apr-2024 13:54:49 UTC] custom_lead_column
[07-Apr-2024 13:54:49 UTC] utm_source
[07-Apr-2024 13:54:49 UTC] custom_lead_column
[07-Apr-2024 13:54:49 UTC] utm_medium
[07-Apr-2024 13:54:49 UTC] custom_lead_column
[07-Apr-2024 13:54:49 UTC] utm_campaign
[07-Apr-2024 13:54:49 UTC] custom_lead_column
[07-Apr-2024 13:54:49 UTC] utm_keyword
[07-Apr-2024 13:54:49 UTC] custom_lead_column
[07-Apr-2024 13:54:49 UTC] utm_content
[07-Apr-2024 13:54:49 UTC] custom_lead_column
[07-Apr-2024 13:54:49 UTC] tracking-info
[07-Apr-2024 13:55:57 UTC] custom_lead_column
[07-Apr-2024 13:55:57 UTC] name
[07-Apr-2024 13:55:57 UTC] name
[07-Apr-2024 13:55:57 UTC] 
[07-Apr-2024 13:55:57 UTC] custom_lead_column
[07-Apr-2024 13:55:57 UTC] email
[07-Apr-2024 13:55:57 UTC] custom_lead_column
[07-Apr-2024 13:55:57 UTC] message
[07-Apr-2024 13:55:57 UTC] custom_lead_column
[07-Apr-2024 13:55:57 UTC] phone_number
[07-Apr-2024 13:55:57 UTC] custom_lead_column
[07-Apr-2024 13:55:57 UTC] utm_source
[07-Apr-2024 13:55:57 UTC] custom_lead_column
[07-Apr-2024 13:55:57 UTC] utm_medium
[07-Apr-2024 13:55:57 UTC] custom_lead_column
[07-Apr-2024 13:55:57 UTC] utm_campaign
[07-Apr-2024 13:55:57 UTC] custom_lead_column
[07-Apr-2024 13:55:57 UTC] utm_keyword
[07-Apr-2024 13:55:57 UTC] custom_lead_column
[07-Apr-2024 13:55:57 UTC] utm_content
[07-Apr-2024 13:55:57 UTC] custom_lead_column
[07-Apr-2024 13:55:57 UTC] tracking-info
[07-Apr-2024 13:55:59 UTC] custom_lead_column
[07-Apr-2024 13:55:59 UTC] name
[07-Apr-2024 13:55:59 UTC] name
[07-Apr-2024 13:55:59 UTC] 
[07-Apr-2024 13:55:59 UTC] custom_lead_column
[07-Apr-2024 13:55:59 UTC] email
[07-Apr-2024 13:55:59 UTC] custom_lead_column
[07-Apr-2024 13:55:59 UTC] message
[07-Apr-2024 13:55:59 UTC] custom_lead_column
[07-Apr-2024 13:55:59 UTC] phone_number
[07-Apr-2024 13:55:59 UTC] custom_lead_column
[07-Apr-2024 13:55:59 UTC] utm_source
[07-Apr-2024 13:55:59 UTC] custom_lead_column
[07-Apr-2024 13:55:59 UTC] utm_medium
[07-Apr-2024 13:55:59 UTC] custom_lead_column
[07-Apr-2024 13:55:59 UTC] utm_campaign
[07-Apr-2024 13:55:59 UTC] custom_lead_column
[07-Apr-2024 13:55:59 UTC] utm_keyword
[07-Apr-2024 13:55:59 UTC] custom_lead_column
[07-Apr-2024 13:55:59 UTC] utm_content
[07-Apr-2024 13:55:59 UTC] custom_lead_column
[07-Apr-2024 13:55:59 UTC] tracking-info
[07-Apr-2024 13:56:11 UTC] custom_lead_column
[07-Apr-2024 13:56:11 UTC] name
[07-Apr-2024 13:56:11 UTC] name
[07-Apr-2024 13:56:11 UTC] 
[07-Apr-2024 13:56:11 UTC] custom_lead_column
[07-Apr-2024 13:56:11 UTC] email
[07-Apr-2024 13:56:11 UTC] custom_lead_column
[07-Apr-2024 13:56:11 UTC] message
[07-Apr-2024 13:56:11 UTC] custom_lead_column
[07-Apr-2024 13:56:11 UTC] phone_number
[07-Apr-2024 13:56:11 UTC] custom_lead_column
[07-Apr-2024 13:56:11 UTC] utm_source
[07-Apr-2024 13:56:11 UTC] custom_lead_column
[07-Apr-2024 13:56:11 UTC] utm_medium
[07-Apr-2024 13:56:11 UTC] custom_lead_column
[07-Apr-2024 13:56:11 UTC] utm_campaign
[07-Apr-2024 13:56:11 UTC] custom_lead_column
[07-Apr-2024 13:56:11 UTC] utm_keyword
[07-Apr-2024 13:56:11 UTC] custom_lead_column
[07-Apr-2024 13:56:11 UTC] utm_content
[07-Apr-2024 13:56:11 UTC] custom_lead_column
[07-Apr-2024 13:56:11 UTC] tracking-info
[07-Apr-2024 13:56:19 UTC] MY MESSAGE BELOW
[07-Apr-2024 13:56:19 UTC] Array
(
    [your-name] => adsf asd
    [phonetext-94] => +38021321
    [full_number] => 
    [phonetext-94-country-code] => +380
    [your-email] => 
    [your-message] => 
    [utm_source] => 
    [utm_medium] => 
    [utm_campaign] => 
    [utm_keyword] => 
    [utm_content] => 
)

[07-Apr-2024 13:56:19 UTC] 345
[07-Apr-2024 13:56:21 UTC] custom_lead_column
[07-Apr-2024 13:56:21 UTC] name
[07-Apr-2024 13:56:21 UTC] name
[07-Apr-2024 13:56:21 UTC] 
[07-Apr-2024 13:56:21 UTC] custom_lead_column
[07-Apr-2024 13:56:21 UTC] email
[07-Apr-2024 13:56:21 UTC] custom_lead_column
[07-Apr-2024 13:56:21 UTC] message
[07-Apr-2024 13:56:21 UTC] custom_lead_column
[07-Apr-2024 13:56:21 UTC] phone_number
[07-Apr-2024 13:56:21 UTC] custom_lead_column
[07-Apr-2024 13:56:21 UTC] utm_source
[07-Apr-2024 13:56:21 UTC] custom_lead_column
[07-Apr-2024 13:56:21 UTC] utm_medium
[07-Apr-2024 13:56:21 UTC] custom_lead_column
[07-Apr-2024 13:56:21 UTC] utm_campaign
[07-Apr-2024 13:56:21 UTC] custom_lead_column
[07-Apr-2024 13:56:21 UTC] utm_keyword
[07-Apr-2024 13:56:21 UTC] custom_lead_column
[07-Apr-2024 13:56:21 UTC] utm_content
[07-Apr-2024 13:56:21 UTC] custom_lead_column
[07-Apr-2024 13:56:21 UTC] tracking-info
[07-Apr-2024 13:56:21 UTC] custom_lead_column
[07-Apr-2024 13:56:21 UTC] name
[07-Apr-2024 13:56:21 UTC] name
[07-Apr-2024 13:56:21 UTC] 
[07-Apr-2024 13:56:21 UTC] custom_lead_column
[07-Apr-2024 13:56:21 UTC] email
[07-Apr-2024 13:56:21 UTC] custom_lead_column
[07-Apr-2024 13:56:21 UTC] message
[07-Apr-2024 13:56:21 UTC] custom_lead_column
[07-Apr-2024 13:56:21 UTC] phone_number
[07-Apr-2024 13:56:21 UTC] custom_lead_column
[07-Apr-2024 13:56:21 UTC] utm_source
[07-Apr-2024 13:56:21 UTC] custom_lead_column
[07-Apr-2024 13:56:21 UTC] utm_medium
[07-Apr-2024 13:56:21 UTC] custom_lead_column
[07-Apr-2024 13:56:21 UTC] utm_campaign
[07-Apr-2024 13:56:21 UTC] custom_lead_column
[07-Apr-2024 13:56:21 UTC] utm_keyword
[07-Apr-2024 13:56:21 UTC] custom_lead_column
[07-Apr-2024 13:56:21 UTC] utm_content
[07-Apr-2024 13:56:21 UTC] custom_lead_column
[07-Apr-2024 13:56:21 UTC] tracking-info
[07-Apr-2024 14:01:34 UTC] custom_lead_column
[07-Apr-2024 14:01:34 UTC] name
[07-Apr-2024 14:01:34 UTC] name
[07-Apr-2024 14:01:34 UTC] 
[07-Apr-2024 14:01:34 UTC] custom_lead_column
[07-Apr-2024 14:01:34 UTC] email
[07-Apr-2024 14:01:34 UTC] custom_lead_column
[07-Apr-2024 14:01:34 UTC] message
[07-Apr-2024 14:01:34 UTC] custom_lead_column
[07-Apr-2024 14:01:34 UTC] phone_number
[07-Apr-2024 14:01:34 UTC] custom_lead_column
[07-Apr-2024 14:01:34 UTC] utm_source
[07-Apr-2024 14:01:34 UTC] custom_lead_column
[07-Apr-2024 14:01:34 UTC] utm_medium
[07-Apr-2024 14:01:34 UTC] custom_lead_column
[07-Apr-2024 14:01:34 UTC] utm_campaign
[07-Apr-2024 14:01:34 UTC] custom_lead_column
[07-Apr-2024 14:01:34 UTC] utm_keyword
[07-Apr-2024 14:01:34 UTC] custom_lead_column
[07-Apr-2024 14:01:34 UTC] utm_content
[07-Apr-2024 14:01:34 UTC] custom_lead_column
[07-Apr-2024 14:01:34 UTC] tracking-info
[07-Apr-2024 14:01:34 UTC] custom_lead_column
[07-Apr-2024 14:01:34 UTC] name
[07-Apr-2024 14:01:34 UTC] name
[07-Apr-2024 14:01:34 UTC] 
[07-Apr-2024 14:01:34 UTC] custom_lead_column
[07-Apr-2024 14:01:34 UTC] email
[07-Apr-2024 14:01:34 UTC] custom_lead_column
[07-Apr-2024 14:01:34 UTC] message
[07-Apr-2024 14:01:34 UTC] custom_lead_column
[07-Apr-2024 14:01:34 UTC] phone_number
[07-Apr-2024 14:01:34 UTC] custom_lead_column
[07-Apr-2024 14:01:34 UTC] utm_source
[07-Apr-2024 14:01:34 UTC] custom_lead_column
[07-Apr-2024 14:01:34 UTC] utm_medium
[07-Apr-2024 14:01:34 UTC] custom_lead_column
[07-Apr-2024 14:01:34 UTC] utm_campaign
[07-Apr-2024 14:01:34 UTC] custom_lead_column
[07-Apr-2024 14:01:34 UTC] utm_keyword
[07-Apr-2024 14:01:34 UTC] custom_lead_column
[07-Apr-2024 14:01:34 UTC] utm_content
[07-Apr-2024 14:01:34 UTC] custom_lead_column
[07-Apr-2024 14:01:34 UTC] tracking-info
[07-Apr-2024 14:01:46 UTC] custom_lead_column
[07-Apr-2024 14:01:46 UTC] 345
[07-Apr-2024 14:01:46 UTC] name
[07-Apr-2024 14:01:46 UTC] 
[07-Apr-2024 14:01:46 UTC] custom_lead_column
[07-Apr-2024 14:01:46 UTC] 345
[07-Apr-2024 14:01:46 UTC] custom_lead_column
[07-Apr-2024 14:01:46 UTC] 345
[07-Apr-2024 14:01:46 UTC] custom_lead_column
[07-Apr-2024 14:01:46 UTC] 345
[07-Apr-2024 14:01:46 UTC] custom_lead_column
[07-Apr-2024 14:01:46 UTC] 345
[07-Apr-2024 14:01:46 UTC] custom_lead_column
[07-Apr-2024 14:01:46 UTC] 345
[07-Apr-2024 14:01:46 UTC] custom_lead_column
[07-Apr-2024 14:01:46 UTC] 345
[07-Apr-2024 14:01:46 UTC] custom_lead_column
[07-Apr-2024 14:01:46 UTC] 345
[07-Apr-2024 14:01:46 UTC] custom_lead_column
[07-Apr-2024 14:01:46 UTC] 345
[07-Apr-2024 14:01:46 UTC] custom_lead_column
[07-Apr-2024 14:01:46 UTC] 345
[07-Apr-2024 14:01:46 UTC] custom_lead_column
[07-Apr-2024 14:01:46 UTC] 344
[07-Apr-2024 14:01:46 UTC] name
[07-Apr-2024 14:01:46 UTC] 
[07-Apr-2024 14:01:46 UTC] custom_lead_column
[07-Apr-2024 14:01:46 UTC] 344
[07-Apr-2024 14:01:46 UTC] custom_lead_column
[07-Apr-2024 14:01:46 UTC] 344
[07-Apr-2024 14:01:46 UTC] custom_lead_column
[07-Apr-2024 14:01:46 UTC] 344
[07-Apr-2024 14:01:46 UTC] custom_lead_column
[07-Apr-2024 14:01:46 UTC] 344
[07-Apr-2024 14:01:46 UTC] custom_lead_column
[07-Apr-2024 14:01:46 UTC] 344
[07-Apr-2024 14:01:46 UTC] custom_lead_column
[07-Apr-2024 14:01:46 UTC] 344
[07-Apr-2024 14:01:46 UTC] custom_lead_column
[07-Apr-2024 14:01:46 UTC] 344
[07-Apr-2024 14:01:46 UTC] custom_lead_column
[07-Apr-2024 14:01:46 UTC] 344
[07-Apr-2024 14:01:46 UTC] custom_lead_column
[07-Apr-2024 14:01:46 UTC] 344
[07-Apr-2024 14:01:47 UTC] custom_lead_column
[07-Apr-2024 14:01:47 UTC] 345
[07-Apr-2024 14:01:47 UTC] name
[07-Apr-2024 14:01:47 UTC] 
[07-Apr-2024 14:01:47 UTC] custom_lead_column
[07-Apr-2024 14:01:47 UTC] 345
[07-Apr-2024 14:01:47 UTC] custom_lead_column
[07-Apr-2024 14:01:47 UTC] 345
[07-Apr-2024 14:01:47 UTC] custom_lead_column
[07-Apr-2024 14:01:47 UTC] 345
[07-Apr-2024 14:01:47 UTC] custom_lead_column
[07-Apr-2024 14:01:47 UTC] 345
[07-Apr-2024 14:01:47 UTC] custom_lead_column
[07-Apr-2024 14:01:47 UTC] 345
[07-Apr-2024 14:01:47 UTC] custom_lead_column
[07-Apr-2024 14:01:47 UTC] 345
[07-Apr-2024 14:01:47 UTC] custom_lead_column
[07-Apr-2024 14:01:47 UTC] 345
[07-Apr-2024 14:01:47 UTC] custom_lead_column
[07-Apr-2024 14:01:47 UTC] 345
[07-Apr-2024 14:01:47 UTC] custom_lead_column
[07-Apr-2024 14:01:47 UTC] 345
[07-Apr-2024 14:01:47 UTC] custom_lead_column
[07-Apr-2024 14:01:47 UTC] 344
[07-Apr-2024 14:01:47 UTC] name
[07-Apr-2024 14:01:47 UTC] 
[07-Apr-2024 14:01:47 UTC] custom_lead_column
[07-Apr-2024 14:01:47 UTC] 344
[07-Apr-2024 14:01:47 UTC] custom_lead_column
[07-Apr-2024 14:01:47 UTC] 344
[07-Apr-2024 14:01:47 UTC] custom_lead_column
[07-Apr-2024 14:01:47 UTC] 344
[07-Apr-2024 14:01:47 UTC] custom_lead_column
[07-Apr-2024 14:01:47 UTC] 344
[07-Apr-2024 14:01:47 UTC] custom_lead_column
[07-Apr-2024 14:01:47 UTC] 344
[07-Apr-2024 14:01:47 UTC] custom_lead_column
[07-Apr-2024 14:01:47 UTC] 344
[07-Apr-2024 14:01:47 UTC] custom_lead_column
[07-Apr-2024 14:01:47 UTC] 344
[07-Apr-2024 14:01:47 UTC] custom_lead_column
[07-Apr-2024 14:01:47 UTC] 344
[07-Apr-2024 14:01:47 UTC] custom_lead_column
[07-Apr-2024 14:01:47 UTC] 344
[07-Apr-2024 14:05:57 UTC] PHP Parse error:  syntax error, unexpected token "switch" in /Users/kan/Local Sites/test/app/public/wp-content/plugins/cta-leads/cta_leads.php on line 87
[07-Apr-2024 14:05:58 UTC] PHP Parse error:  syntax error, unexpected token "switch" in /Users/kan/Local Sites/test/app/public/wp-content/plugins/cta-leads/cta_leads.php on line 87
[07-Apr-2024 14:05:58 UTC] PHP Notice:  Function is_embed was called incorrectly. Conditional query tags do not work before the query is run. Before then, they always return false. Please see <a>Debugging in WordPress</a> for more information. (This message was added in version 3.1.0.) in /Users/kan/Local Sites/test/app/public/wp-includes/functions.php on line 6078
[07-Apr-2024 14:05:58 UTC] PHP Notice:  Function is_search was called incorrectly. Conditional query tags do not work before the query is run. Before then, they always return false. Please see <a>Debugging in WordPress</a> for more information. (This message was added in version 3.1.0.) in /Users/kan/Local Sites/test/app/public/wp-includes/functions.php on line 6078
[07-Apr-2024 14:05:58 UTC] PHP Parse error:  syntax error, unexpected token "switch" in /Users/kan/Local Sites/test/app/public/wp-content/plugins/cta-leads/cta_leads.php on line 87
[07-Apr-2024 14:05:58 UTC] PHP Notice:  Function is_embed was called incorrectly. Conditional query tags do not work before the query is run. Before then, they always return false. Please see <a>Debugging in WordPress</a> for more information. (This message was added in version 3.1.0.) in /Users/kan/Local Sites/test/app/public/wp-includes/functions.php on line 6078
[07-Apr-2024 14:05:58 UTC] PHP Notice:  Function is_search was called incorrectly. Conditional query tags do not work before the query is run. Before then, they always return false. Please see <a>Debugging in WordPress</a> for more information. (This message was added in version 3.1.0.) in /Users/kan/Local Sites/test/app/public/wp-includes/functions.php on line 6078
[07-Apr-2024 14:05:59 UTC] PHP Parse error:  syntax error, unexpected token "switch" in /Users/kan/Local Sites/test/app/public/wp-content/plugins/cta-leads/cta_leads.php on line 87
[07-Apr-2024 14:05:59 UTC] PHP Notice:  Function is_embed was called incorrectly. Conditional query tags do not work before the query is run. Before then, they always return false. Please see <a>Debugging in WordPress</a> for more information. (This message was added in version 3.1.0.) in /Users/kan/Local Sites/test/app/public/wp-includes/functions.php on line 6078
[07-Apr-2024 14:05:59 UTC] PHP Notice:  Function is_search was called incorrectly. Conditional query tags do not work before the query is run. Before then, they always return false. Please see <a>Debugging in WordPress</a> for more information. (This message was added in version 3.1.0.) in /Users/kan/Local Sites/test/app/public/wp-includes/functions.php on line 6078
[07-Apr-2024 14:05:59 UTC] PHP Parse error:  syntax error, unexpected token "switch" in /Users/kan/Local Sites/test/app/public/wp-content/plugins/cta-leads/cta_leads.php on line 87
[07-Apr-2024 14:05:59 UTC] PHP Notice:  Function is_embed was called incorrectly. Conditional query tags do not work before the query is run. Before then, they always return false. Please see <a>Debugging in WordPress</a> for more information. (This message was added in version 3.1.0.) in /Users/kan/Local Sites/test/app/public/wp-includes/functions.php on line 6078
[07-Apr-2024 14:05:59 UTC] PHP Notice:  Function is_search was called incorrectly. Conditional query tags do not work before the query is run. Before then, they always return false. Please see <a>Debugging in WordPress</a> for more information. (This message was added in version 3.1.0.) in /Users/kan/Local Sites/test/app/public/wp-includes/functions.php on line 6078
[07-Apr-2024 14:06:05 UTC] custom_lead_column
[07-Apr-2024 14:06:05 UTC] 345
[07-Apr-2024 14:06:05 UTC] 1
[07-Apr-2024 14:06:05 UTC] name
[07-Apr-2024 14:06:05 UTC] 
[07-Apr-2024 14:06:05 UTC] custom_lead_column
[07-Apr-2024 14:06:05 UTC] 345
[07-Apr-2024 14:06:05 UTC] 1
[07-Apr-2024 14:06:05 UTC] custom_lead_column
[07-Apr-2024 14:06:05 UTC] 345
[07-Apr-2024 14:06:05 UTC] 1
[07-Apr-2024 14:06:05 UTC] custom_lead_column
[07-Apr-2024 14:06:05 UTC] 345
[07-Apr-2024 14:06:05 UTC] 1
[07-Apr-2024 14:06:05 UTC] custom_lead_column
[07-Apr-2024 14:06:05 UTC] 345
[07-Apr-2024 14:06:05 UTC] 1
[07-Apr-2024 14:06:05 UTC] custom_lead_column
[07-Apr-2024 14:06:05 UTC] 345
[07-Apr-2024 14:06:05 UTC] 1
[07-Apr-2024 14:06:05 UTC] custom_lead_column
[07-Apr-2024 14:06:05 UTC] 345
[07-Apr-2024 14:06:05 UTC] 1
[07-Apr-2024 14:06:05 UTC] custom_lead_column
[07-Apr-2024 14:06:05 UTC] 345
[07-Apr-2024 14:06:05 UTC] 1
[07-Apr-2024 14:06:05 UTC] custom_lead_column
[07-Apr-2024 14:06:05 UTC] 345
[07-Apr-2024 14:06:05 UTC] 1
[07-Apr-2024 14:06:05 UTC] custom_lead_column
[07-Apr-2024 14:06:05 UTC] 345
[07-Apr-2024 14:06:05 UTC] 1
[07-Apr-2024 14:06:05 UTC] custom_lead_column
[07-Apr-2024 14:06:05 UTC] 344
[07-Apr-2024 14:06:05 UTC] 1
[07-Apr-2024 14:06:05 UTC] name
[07-Apr-2024 14:06:05 UTC] 
[07-Apr-2024 14:06:05 UTC] custom_lead_column
[07-Apr-2024 14:06:05 UTC] 344
[07-Apr-2024 14:06:05 UTC] 1
[07-Apr-2024 14:06:05 UTC] custom_lead_column
[07-Apr-2024 14:06:05 UTC] 344
[07-Apr-2024 14:06:05 UTC] 1
[07-Apr-2024 14:06:05 UTC] custom_lead_column
[07-Apr-2024 14:06:05 UTC] 344
[07-Apr-2024 14:06:05 UTC] 1
[07-Apr-2024 14:06:05 UTC] custom_lead_column
[07-Apr-2024 14:06:05 UTC] 344
[07-Apr-2024 14:06:05 UTC] 1
[07-Apr-2024 14:06:05 UTC] custom_lead_column
[07-Apr-2024 14:06:05 UTC] 344
[07-Apr-2024 14:06:05 UTC] 1
[07-Apr-2024 14:06:05 UTC] custom_lead_column
[07-Apr-2024 14:06:05 UTC] 344
[07-Apr-2024 14:06:05 UTC] 1
[07-Apr-2024 14:06:05 UTC] custom_lead_column
[07-Apr-2024 14:06:05 UTC] 344
[07-Apr-2024 14:06:05 UTC] 1
[07-Apr-2024 14:06:05 UTC] custom_lead_column
[07-Apr-2024 14:06:05 UTC] 344
[07-Apr-2024 14:06:05 UTC] 1
[07-Apr-2024 14:06:05 UTC] custom_lead_column
[07-Apr-2024 14:06:05 UTC] 344
[07-Apr-2024 14:06:05 UTC] 1
[07-Apr-2024 14:06:56 UTC] custom_lead_column
[07-Apr-2024 14:06:56 UTC] 345
[07-Apr-2024 14:06:56 UTC] Array
(
)

[07-Apr-2024 14:06:56 UTC] name
[07-Apr-2024 14:06:56 UTC] 
[07-Apr-2024 14:06:56 UTC] custom_lead_column
[07-Apr-2024 14:06:56 UTC] 345
[07-Apr-2024 14:06:56 UTC] Array
(
)

[07-Apr-2024 14:06:56 UTC] custom_lead_column
[07-Apr-2024 14:06:56 UTC] 345
[07-Apr-2024 14:06:56 UTC] Array
(
)

[07-Apr-2024 14:06:56 UTC] custom_lead_column
[07-Apr-2024 14:06:56 UTC] 345
[07-Apr-2024 14:06:56 UTC] Array
(
)

[07-Apr-2024 14:06:56 UTC] custom_lead_column
[07-Apr-2024 14:06:56 UTC] 345
[07-Apr-2024 14:06:56 UTC] Array
(
)

[07-Apr-2024 14:06:56 UTC] custom_lead_column
[07-Apr-2024 14:06:56 UTC] 345
[07-Apr-2024 14:06:56 UTC] Array
(
)

[07-Apr-2024 14:06:56 UTC] custom_lead_column
[07-Apr-2024 14:06:56 UTC] 345
[07-Apr-2024 14:06:56 UTC] Array
(
)

[07-Apr-2024 14:06:56 UTC] custom_lead_column
[07-Apr-2024 14:06:56 UTC] 345
[07-Apr-2024 14:06:56 UTC] Array
(
)

[07-Apr-2024 14:06:56 UTC] custom_lead_column
[07-Apr-2024 14:06:56 UTC] 345
[07-Apr-2024 14:06:56 UTC] Array
(
)

[07-Apr-2024 14:06:56 UTC] custom_lead_column
[07-Apr-2024 14:06:56 UTC] 345
[07-Apr-2024 14:06:56 UTC] Array
(
)

[07-Apr-2024 14:06:56 UTC] custom_lead_column
[07-Apr-2024 14:06:56 UTC] 344
[07-Apr-2024 14:06:56 UTC] Array
(
)

[07-Apr-2024 14:06:56 UTC] name
[07-Apr-2024 14:06:56 UTC] 
[07-Apr-2024 14:06:56 UTC] custom_lead_column
[07-Apr-2024 14:06:56 UTC] 344
[07-Apr-2024 14:06:56 UTC] Array
(
)

[07-Apr-2024 14:06:56 UTC] custom_lead_column
[07-Apr-2024 14:06:56 UTC] 344
[07-Apr-2024 14:06:56 UTC] Array
(
)

[07-Apr-2024 14:06:56 UTC] custom_lead_column
[07-Apr-2024 14:06:56 UTC] 344
[07-Apr-2024 14:06:56 UTC] Array
(
)

[07-Apr-2024 14:06:56 UTC] custom_lead_column
[07-Apr-2024 14:06:56 UTC] 344
[07-Apr-2024 14:06:56 UTC] Array
(
)

[07-Apr-2024 14:06:56 UTC] custom_lead_column
[07-Apr-2024 14:06:56 UTC] 344
[07-Apr-2024 14:06:56 UTC] Array
(
)

[07-Apr-2024 14:06:56 UTC] custom_lead_column
[07-Apr-2024 14:06:56 UTC] 344
[07-Apr-2024 14:06:56 UTC] Array
(
)

[07-Apr-2024 14:06:56 UTC] custom_lead_column
[07-Apr-2024 14:06:56 UTC] 344
[07-Apr-2024 14:06:56 UTC] Array
(
)

[07-Apr-2024 14:06:56 UTC] custom_lead_column
[07-Apr-2024 14:06:56 UTC] 344
[07-Apr-2024 14:06:56 UTC] Array
(
)

[07-Apr-2024 14:06:56 UTC] custom_lead_column
[07-Apr-2024 14:06:56 UTC] 344
[07-Apr-2024 14:06:56 UTC] Array
(
)

[07-Apr-2024 14:07:30 UTC] custom_lead_column
[07-Apr-2024 14:07:30 UTC] 345
[07-Apr-2024 14:07:30 UTC] Array
(
)

[07-Apr-2024 14:07:30 UTC] name
[07-Apr-2024 14:07:30 UTC] 
[07-Apr-2024 14:07:30 UTC] custom_lead_column
[07-Apr-2024 14:07:30 UTC] 345
[07-Apr-2024 14:07:30 UTC] Array
(
)

[07-Apr-2024 14:07:30 UTC] custom_lead_column
[07-Apr-2024 14:07:30 UTC] 345
[07-Apr-2024 14:07:30 UTC] Array
(
)

[07-Apr-2024 14:07:30 UTC] custom_lead_column
[07-Apr-2024 14:07:30 UTC] 345
[07-Apr-2024 14:07:30 UTC] Array
(
)

[07-Apr-2024 14:07:30 UTC] custom_lead_column
[07-Apr-2024 14:07:30 UTC] 345
[07-Apr-2024 14:07:30 UTC] Array
(
)

[07-Apr-2024 14:07:30 UTC] custom_lead_column
[07-Apr-2024 14:07:30 UTC] 345
[07-Apr-2024 14:07:30 UTC] Array
(
)

[07-Apr-2024 14:07:30 UTC] custom_lead_column
[07-Apr-2024 14:07:30 UTC] 345
[07-Apr-2024 14:07:30 UTC] Array
(
)

[07-Apr-2024 14:07:30 UTC] custom_lead_column
[07-Apr-2024 14:07:30 UTC] 345
[07-Apr-2024 14:07:30 UTC] Array
(
)

[07-Apr-2024 14:07:30 UTC] custom_lead_column
[07-Apr-2024 14:07:30 UTC] 345
[07-Apr-2024 14:07:30 UTC] Array
(
)

[07-Apr-2024 14:07:30 UTC] custom_lead_column
[07-Apr-2024 14:07:30 UTC] 345
[07-Apr-2024 14:07:30 UTC] Array
(
)

[07-Apr-2024 14:07:30 UTC] custom_lead_column
[07-Apr-2024 14:07:30 UTC] 344
[07-Apr-2024 14:07:30 UTC] Array
(
)

[07-Apr-2024 14:07:30 UTC] name
[07-Apr-2024 14:07:30 UTC] 
[07-Apr-2024 14:07:30 UTC] custom_lead_column
[07-Apr-2024 14:07:30 UTC] 344
[07-Apr-2024 14:07:30 UTC] Array
(
)

[07-Apr-2024 14:07:30 UTC] custom_lead_column
[07-Apr-2024 14:07:30 UTC] 344
[07-Apr-2024 14:07:30 UTC] Array
(
)

[07-Apr-2024 14:07:30 UTC] custom_lead_column
[07-Apr-2024 14:07:30 UTC] 344
[07-Apr-2024 14:07:30 UTC] Array
(
)

[07-Apr-2024 14:07:30 UTC] custom_lead_column
[07-Apr-2024 14:07:30 UTC] 344
[07-Apr-2024 14:07:30 UTC] Array
(
)

[07-Apr-2024 14:07:30 UTC] custom_lead_column
[07-Apr-2024 14:07:30 UTC] 344
[07-Apr-2024 14:07:30 UTC] Array
(
)

[07-Apr-2024 14:07:30 UTC] custom_lead_column
[07-Apr-2024 14:07:30 UTC] 344
[07-Apr-2024 14:07:30 UTC] Array
(
)

[07-Apr-2024 14:07:30 UTC] custom_lead_column
[07-Apr-2024 14:07:30 UTC] 344
[07-Apr-2024 14:07:30 UTC] Array
(
)

[07-Apr-2024 14:07:30 UTC] custom_lead_column
[07-Apr-2024 14:07:30 UTC] 344
[07-Apr-2024 14:07:30 UTC] Array
(
)

[07-Apr-2024 14:07:30 UTC] custom_lead_column
[07-Apr-2024 14:07:30 UTC] 344
[07-Apr-2024 14:07:30 UTC] Array
(
)

[07-Apr-2024 14:07:30 UTC] custom_lead_column
[07-Apr-2024 14:07:30 UTC] 345
[07-Apr-2024 14:07:30 UTC] Array
(
)

[07-Apr-2024 14:07:30 UTC] name
[07-Apr-2024 14:07:30 UTC] 
[07-Apr-2024 14:07:30 UTC] custom_lead_column
[07-Apr-2024 14:07:30 UTC] 345
[07-Apr-2024 14:07:30 UTC] Array
(
)

[07-Apr-2024 14:07:30 UTC] custom_lead_column
[07-Apr-2024 14:07:30 UTC] 345
[07-Apr-2024 14:07:30 UTC] Array
(
)

[07-Apr-2024 14:07:30 UTC] custom_lead_column
[07-Apr-2024 14:07:30 UTC] 345
[07-Apr-2024 14:07:30 UTC] Array
(
)

[07-Apr-2024 14:07:30 UTC] custom_lead_column
[07-Apr-2024 14:07:30 UTC] 345
[07-Apr-2024 14:07:30 UTC] Array
(
)

[07-Apr-2024 14:07:30 UTC] custom_lead_column
[07-Apr-2024 14:07:30 UTC] 345
[07-Apr-2024 14:07:30 UTC] Array
(
)

[07-Apr-2024 14:07:30 UTC] custom_lead_column
[07-Apr-2024 14:07:30 UTC] 345
[07-Apr-2024 14:07:30 UTC] Array
(
)

[07-Apr-2024 14:07:30 UTC] custom_lead_column
[07-Apr-2024 14:07:30 UTC] 345
[07-Apr-2024 14:07:30 UTC] Array
(
)

[07-Apr-2024 14:07:31 UTC] custom_lead_column
[07-Apr-2024 14:07:31 UTC] 345
[07-Apr-2024 14:07:31 UTC] Array
(
)

[07-Apr-2024 14:07:31 UTC] custom_lead_column
[07-Apr-2024 14:07:31 UTC] 345
[07-Apr-2024 14:07:31 UTC] Array
(
)

[07-Apr-2024 14:07:31 UTC] custom_lead_column
[07-Apr-2024 14:07:31 UTC] 344
[07-Apr-2024 14:07:31 UTC] Array
(
)

[07-Apr-2024 14:07:31 UTC] name
[07-Apr-2024 14:07:31 UTC] 
[07-Apr-2024 14:07:31 UTC] custom_lead_column
[07-Apr-2024 14:07:31 UTC] 344
[07-Apr-2024 14:07:31 UTC] Array
(
)

[07-Apr-2024 14:07:31 UTC] custom_lead_column
[07-Apr-2024 14:07:31 UTC] 344
[07-Apr-2024 14:07:31 UTC] Array
(
)

[07-Apr-2024 14:07:31 UTC] custom_lead_column
[07-Apr-2024 14:07:31 UTC] 344
[07-Apr-2024 14:07:31 UTC] Array
(
)

[07-Apr-2024 14:07:31 UTC] custom_lead_column
[07-Apr-2024 14:07:31 UTC] 344
[07-Apr-2024 14:07:31 UTC] Array
(
)

[07-Apr-2024 14:07:31 UTC] custom_lead_column
[07-Apr-2024 14:07:31 UTC] 344
[07-Apr-2024 14:07:31 UTC] Array
(
)

[07-Apr-2024 14:07:31 UTC] custom_lead_column
[07-Apr-2024 14:07:31 UTC] 344
[07-Apr-2024 14:07:31 UTC] Array
(
)

[07-Apr-2024 14:07:31 UTC] custom_lead_column
[07-Apr-2024 14:07:31 UTC] 344
[07-Apr-2024 14:07:31 UTC] Array
(
)

[07-Apr-2024 14:07:31 UTC] custom_lead_column
[07-Apr-2024 14:07:31 UTC] 344
[07-Apr-2024 14:07:31 UTC] Array
(
)

[07-Apr-2024 14:07:31 UTC] custom_lead_column
[07-Apr-2024 14:07:31 UTC] 344
[07-Apr-2024 14:07:31 UTC] Array
(
)

[07-Apr-2024 14:07:31 UTC] custom_lead_column
[07-Apr-2024 14:07:31 UTC] 345
[07-Apr-2024 14:07:31 UTC] Array
(
)

[07-Apr-2024 14:07:31 UTC] name
[07-Apr-2024 14:07:31 UTC] 
[07-Apr-2024 14:07:31 UTC] custom_lead_column
[07-Apr-2024 14:07:31 UTC] 345
[07-Apr-2024 14:07:31 UTC] Array
(
)

[07-Apr-2024 14:07:31 UTC] custom_lead_column
[07-Apr-2024 14:07:31 UTC] 345
[07-Apr-2024 14:07:31 UTC] Array
(
)

[07-Apr-2024 14:07:31 UTC] custom_lead_column
[07-Apr-2024 14:07:31 UTC] 345
[07-Apr-2024 14:07:31 UTC] Array
(
)

[07-Apr-2024 14:07:31 UTC] custom_lead_column
[07-Apr-2024 14:07:31 UTC] 345
[07-Apr-2024 14:07:31 UTC] Array
(
)

[07-Apr-2024 14:07:31 UTC] custom_lead_column
[07-Apr-2024 14:07:31 UTC] 345
[07-Apr-2024 14:07:31 UTC] Array
(
)

[07-Apr-2024 14:07:31 UTC] custom_lead_column
[07-Apr-2024 14:07:31 UTC] 345
[07-Apr-2024 14:07:31 UTC] Array
(
)

[07-Apr-2024 14:07:31 UTC] custom_lead_column
[07-Apr-2024 14:07:31 UTC] 345
[07-Apr-2024 14:07:31 UTC] Array
(
)

[07-Apr-2024 14:07:31 UTC] custom_lead_column
[07-Apr-2024 14:07:31 UTC] 345
[07-Apr-2024 14:07:31 UTC] Array
(
)

[07-Apr-2024 14:07:31 UTC] custom_lead_column
[07-Apr-2024 14:07:31 UTC] 345
[07-Apr-2024 14:07:31 UTC] Array
(
)

[07-Apr-2024 14:07:31 UTC] custom_lead_column
[07-Apr-2024 14:07:31 UTC] 344
[07-Apr-2024 14:07:31 UTC] Array
(
)

[07-Apr-2024 14:07:31 UTC] name
[07-Apr-2024 14:07:31 UTC] 
[07-Apr-2024 14:07:31 UTC] custom_lead_column
[07-Apr-2024 14:07:31 UTC] 344
[07-Apr-2024 14:07:31 UTC] Array
(
)

[07-Apr-2024 14:07:31 UTC] custom_lead_column
[07-Apr-2024 14:07:31 UTC] 344
[07-Apr-2024 14:07:31 UTC] Array
(
)

[07-Apr-2024 14:07:31 UTC] custom_lead_column
[07-Apr-2024 14:07:31 UTC] 344
[07-Apr-2024 14:07:31 UTC] Array
(
)

[07-Apr-2024 14:07:31 UTC] custom_lead_column
[07-Apr-2024 14:07:31 UTC] 344
[07-Apr-2024 14:07:31 UTC] Array
(
)

[07-Apr-2024 14:07:31 UTC] custom_lead_column
[07-Apr-2024 14:07:31 UTC] 344
[07-Apr-2024 14:07:31 UTC] Array
(
)

[07-Apr-2024 14:07:31 UTC] custom_lead_column
[07-Apr-2024 14:07:31 UTC] 344
[07-Apr-2024 14:07:31 UTC] Array
(
)

[07-Apr-2024 14:07:31 UTC] custom_lead_column
[07-Apr-2024 14:07:31 UTC] 344
[07-Apr-2024 14:07:31 UTC] Array
(
)

[07-Apr-2024 14:07:31 UTC] custom_lead_column
[07-Apr-2024 14:07:31 UTC] 344
[07-Apr-2024 14:07:31 UTC] Array
(
)

[07-Apr-2024 14:07:31 UTC] custom_lead_column
[07-Apr-2024 14:07:31 UTC] 344
[07-Apr-2024 14:07:31 UTC] Array
(
)

[07-Apr-2024 14:07:31 UTC] custom_lead_column
[07-Apr-2024 14:07:31 UTC] 345
[07-Apr-2024 14:07:31 UTC] Array
(
)

[07-Apr-2024 14:07:31 UTC] name
[07-Apr-2024 14:07:31 UTC] 
[07-Apr-2024 14:07:31 UTC] custom_lead_column
[07-Apr-2024 14:07:31 UTC] 345
[07-Apr-2024 14:07:31 UTC] Array
(
)

[07-Apr-2024 14:07:31 UTC] custom_lead_column
[07-Apr-2024 14:07:31 UTC] 345
[07-Apr-2024 14:07:31 UTC] Array
(
)

[07-Apr-2024 14:07:31 UTC] custom_lead_column
[07-Apr-2024 14:07:31 UTC] 345
[07-Apr-2024 14:07:31 UTC] Array
(
)

[07-Apr-2024 14:07:31 UTC] custom_lead_column
[07-Apr-2024 14:07:31 UTC] 345
[07-Apr-2024 14:07:31 UTC] Array
(
)

[07-Apr-2024 14:07:31 UTC] custom_lead_column
[07-Apr-2024 14:07:31 UTC] 345
[07-Apr-2024 14:07:31 UTC] Array
(
)

[07-Apr-2024 14:07:31 UTC] custom_lead_column
[07-Apr-2024 14:07:31 UTC] 345
[07-Apr-2024 14:07:31 UTC] Array
(
)

[07-Apr-2024 14:07:31 UTC] custom_lead_column
[07-Apr-2024 14:07:31 UTC] 345
[07-Apr-2024 14:07:31 UTC] Array
(
)

[07-Apr-2024 14:07:31 UTC] custom_lead_column
[07-Apr-2024 14:07:31 UTC] 345
[07-Apr-2024 14:07:31 UTC] Array
(
)

[07-Apr-2024 14:07:31 UTC] custom_lead_column
[07-Apr-2024 14:07:31 UTC] 345
[07-Apr-2024 14:07:31 UTC] Array
(
)

[07-Apr-2024 14:07:31 UTC] custom_lead_column
[07-Apr-2024 14:07:31 UTC] 344
[07-Apr-2024 14:07:31 UTC] Array
(
)

[07-Apr-2024 14:07:31 UTC] name
[07-Apr-2024 14:07:31 UTC] 
[07-Apr-2024 14:07:31 UTC] custom_lead_column
[07-Apr-2024 14:07:31 UTC] 344
[07-Apr-2024 14:07:31 UTC] Array
(
)

[07-Apr-2024 14:07:31 UTC] custom_lead_column
[07-Apr-2024 14:07:31 UTC] 344
[07-Apr-2024 14:07:31 UTC] Array
(
)

[07-Apr-2024 14:07:31 UTC] custom_lead_column
[07-Apr-2024 14:07:31 UTC] 344
[07-Apr-2024 14:07:31 UTC] Array
(
)

[07-Apr-2024 14:07:31 UTC] custom_lead_column
[07-Apr-2024 14:07:31 UTC] 344
[07-Apr-2024 14:07:31 UTC] Array
(
)

[07-Apr-2024 14:07:31 UTC] custom_lead_column
[07-Apr-2024 14:07:31 UTC] 344
[07-Apr-2024 14:07:31 UTC] Array
(
)

[07-Apr-2024 14:07:31 UTC] custom_lead_column
[07-Apr-2024 14:07:31 UTC] 344
[07-Apr-2024 14:07:31 UTC] Array
(
)

[07-Apr-2024 14:07:31 UTC] custom_lead_column
[07-Apr-2024 14:07:31 UTC] 344
[07-Apr-2024 14:07:31 UTC] Array
(
)

[07-Apr-2024 14:07:31 UTC] custom_lead_column
[07-Apr-2024 14:07:31 UTC] 344
[07-Apr-2024 14:07:31 UTC] Array
(
)

[07-Apr-2024 14:07:31 UTC] custom_lead_column
[07-Apr-2024 14:07:31 UTC] 344
[07-Apr-2024 14:07:31 UTC] Array
(
)

[07-Apr-2024 14:12:19 UTC] custom_lead_column
[07-Apr-2024 14:12:19 UTC] 345
[07-Apr-2024 14:12:19 UTC] Array
(
)

[07-Apr-2024 14:12:19 UTC] name
[07-Apr-2024 14:12:19 UTC] 
[07-Apr-2024 14:12:19 UTC] custom_lead_column
[07-Apr-2024 14:12:19 UTC] 345
[07-Apr-2024 14:12:19 UTC] Array
(
)

[07-Apr-2024 14:12:19 UTC] custom_lead_column
[07-Apr-2024 14:12:19 UTC] 345
[07-Apr-2024 14:12:19 UTC] Array
(
)

[07-Apr-2024 14:12:19 UTC] custom_lead_column
[07-Apr-2024 14:12:19 UTC] 345
[07-Apr-2024 14:12:19 UTC] Array
(
)

[07-Apr-2024 14:12:19 UTC] custom_lead_column
[07-Apr-2024 14:12:19 UTC] 345
[07-Apr-2024 14:12:19 UTC] Array
(
)

[07-Apr-2024 14:12:19 UTC] custom_lead_column
[07-Apr-2024 14:12:19 UTC] 345
[07-Apr-2024 14:12:19 UTC] Array
(
)

[07-Apr-2024 14:12:19 UTC] custom_lead_column
[07-Apr-2024 14:12:19 UTC] 345
[07-Apr-2024 14:12:19 UTC] Array
(
)

[07-Apr-2024 14:12:19 UTC] custom_lead_column
[07-Apr-2024 14:12:19 UTC] 345
[07-Apr-2024 14:12:19 UTC] Array
(
)

[07-Apr-2024 14:12:19 UTC] custom_lead_column
[07-Apr-2024 14:12:19 UTC] 345
[07-Apr-2024 14:12:19 UTC] Array
(
)

[07-Apr-2024 14:12:19 UTC] custom_lead_column
[07-Apr-2024 14:12:19 UTC] 345
[07-Apr-2024 14:12:19 UTC] Array
(
)

[07-Apr-2024 14:12:19 UTC] custom_lead_column
[07-Apr-2024 14:12:19 UTC] 344
[07-Apr-2024 14:12:19 UTC] Array
(
)

[07-Apr-2024 14:12:19 UTC] name
[07-Apr-2024 14:12:19 UTC] 
[07-Apr-2024 14:12:19 UTC] custom_lead_column
[07-Apr-2024 14:12:19 UTC] 344
[07-Apr-2024 14:12:19 UTC] Array
(
)

[07-Apr-2024 14:12:19 UTC] custom_lead_column
[07-Apr-2024 14:12:19 UTC] 344
[07-Apr-2024 14:12:19 UTC] Array
(
)

[07-Apr-2024 14:12:19 UTC] custom_lead_column
[07-Apr-2024 14:12:19 UTC] 344
[07-Apr-2024 14:12:19 UTC] Array
(
)

[07-Apr-2024 14:12:19 UTC] custom_lead_column
[07-Apr-2024 14:12:19 UTC] 344
[07-Apr-2024 14:12:19 UTC] Array
(
)

[07-Apr-2024 14:12:19 UTC] custom_lead_column
[07-Apr-2024 14:12:19 UTC] 344
[07-Apr-2024 14:12:19 UTC] Array
(
)

[07-Apr-2024 14:12:19 UTC] custom_lead_column
[07-Apr-2024 14:12:19 UTC] 344
[07-Apr-2024 14:12:19 UTC] Array
(
)

[07-Apr-2024 14:12:19 UTC] custom_lead_column
[07-Apr-2024 14:12:19 UTC] 344
[07-Apr-2024 14:12:19 UTC] Array
(
)

[07-Apr-2024 14:12:19 UTC] custom_lead_column
[07-Apr-2024 14:12:19 UTC] 344
[07-Apr-2024 14:12:19 UTC] Array
(
)

[07-Apr-2024 14:12:19 UTC] custom_lead_column
[07-Apr-2024 14:12:19 UTC] 344
[07-Apr-2024 14:12:19 UTC] Array
(
)

[07-Apr-2024 14:23:41 UTC] MY MESSAGE BELOW
[07-Apr-2024 14:23:41 UTC] Array
(
    [your-name] => asdfasdf asdfasdf
    [phonetext-94] => +380123123123
    [full_number] => 
    [phonetext-94-country-code] => +380
    [your-email] => asdfasdfasdfas@dffc.cdc
    [your-message] => 
    [utm_source] => 
    [utm_medium] => 
    [utm_campaign] => 
    [utm_keyword] => 
    [utm_content] => 
)

[07-Apr-2024 14:23:41 UTC] 352
[07-Apr-2024 14:27:22 UTC] custom_lead_column
[07-Apr-2024 14:27:22 UTC] 352
[07-Apr-2024 14:27:22 UTC] Array
(
)

[07-Apr-2024 14:27:22 UTC] name
[07-Apr-2024 14:27:22 UTC] 
[07-Apr-2024 14:27:22 UTC] custom_lead_column
[07-Apr-2024 14:27:22 UTC] 352
[07-Apr-2024 14:27:22 UTC] Array
(
)

[07-Apr-2024 14:27:22 UTC] custom_lead_column
[07-Apr-2024 14:27:22 UTC] 352
[07-Apr-2024 14:27:22 UTC] Array
(
)

[07-Apr-2024 14:27:22 UTC] custom_lead_column
[07-Apr-2024 14:27:22 UTC] 352
[07-Apr-2024 14:27:22 UTC] Array
(
)

[07-Apr-2024 14:27:22 UTC] custom_lead_column
[07-Apr-2024 14:27:22 UTC] 352
[07-Apr-2024 14:27:22 UTC] Array
(
)

[07-Apr-2024 14:27:22 UTC] custom_lead_column
[07-Apr-2024 14:27:22 UTC] 352
[07-Apr-2024 14:27:22 UTC] Array
(
)

[07-Apr-2024 14:27:22 UTC] custom_lead_column
[07-Apr-2024 14:27:22 UTC] 352
[07-Apr-2024 14:27:22 UTC] Array
(
)

[07-Apr-2024 14:27:22 UTC] custom_lead_column
[07-Apr-2024 14:27:22 UTC] 352
[07-Apr-2024 14:27:22 UTC] Array
(
)

[07-Apr-2024 14:27:22 UTC] custom_lead_column
[07-Apr-2024 14:27:22 UTC] 352
[07-Apr-2024 14:27:22 UTC] Array
(
)

[07-Apr-2024 14:27:22 UTC] custom_lead_column
[07-Apr-2024 14:27:22 UTC] 352
[07-Apr-2024 14:27:22 UTC] Array
(
)

[07-Apr-2024 14:27:22 UTC] custom_lead_column
[07-Apr-2024 14:27:22 UTC] 345
[07-Apr-2024 14:27:22 UTC] Array
(
)

[07-Apr-2024 14:27:22 UTC] name
[07-Apr-2024 14:27:22 UTC] 
[07-Apr-2024 14:27:22 UTC] custom_lead_column
[07-Apr-2024 14:27:22 UTC] 345
[07-Apr-2024 14:27:22 UTC] Array
(
)

[07-Apr-2024 14:27:22 UTC] custom_lead_column
[07-Apr-2024 14:27:22 UTC] 345
[07-Apr-2024 14:27:22 UTC] Array
(
)

[07-Apr-2024 14:27:22 UTC] custom_lead_column
[07-Apr-2024 14:27:22 UTC] 345
[07-Apr-2024 14:27:22 UTC] Array
(
)

[07-Apr-2024 14:27:22 UTC] custom_lead_column
[07-Apr-2024 14:27:22 UTC] 345
[07-Apr-2024 14:27:22 UTC] Array
(
)

[07-Apr-2024 14:27:22 UTC] custom_lead_column
[07-Apr-2024 14:27:22 UTC] 345
[07-Apr-2024 14:27:22 UTC] Array
(
)

[07-Apr-2024 14:27:22 UTC] custom_lead_column
[07-Apr-2024 14:27:22 UTC] 345
[07-Apr-2024 14:27:22 UTC] Array
(
)

[07-Apr-2024 14:27:22 UTC] custom_lead_column
[07-Apr-2024 14:27:22 UTC] 345
[07-Apr-2024 14:27:22 UTC] Array
(
)

[07-Apr-2024 14:27:22 UTC] custom_lead_column
[07-Apr-2024 14:27:22 UTC] 345
[07-Apr-2024 14:27:22 UTC] Array
(
)

[07-Apr-2024 14:27:22 UTC] custom_lead_column
[07-Apr-2024 14:27:22 UTC] 345
[07-Apr-2024 14:27:22 UTC] Array
(
)

[07-Apr-2024 14:27:22 UTC] custom_lead_column
[07-Apr-2024 14:27:22 UTC] 344
[07-Apr-2024 14:27:22 UTC] Array
(
)

[07-Apr-2024 14:27:22 UTC] name
[07-Apr-2024 14:27:22 UTC] 
[07-Apr-2024 14:27:22 UTC] custom_lead_column
[07-Apr-2024 14:27:22 UTC] 344
[07-Apr-2024 14:27:22 UTC] Array
(
)

[07-Apr-2024 14:27:22 UTC] custom_lead_column
[07-Apr-2024 14:27:22 UTC] 344
[07-Apr-2024 14:27:22 UTC] Array
(
)

[07-Apr-2024 14:27:22 UTC] custom_lead_column
[07-Apr-2024 14:27:22 UTC] 344
[07-Apr-2024 14:27:22 UTC] Array
(
)

[07-Apr-2024 14:27:22 UTC] custom_lead_column
[07-Apr-2024 14:27:22 UTC] 344
[07-Apr-2024 14:27:22 UTC] Array
(
)

[07-Apr-2024 14:27:22 UTC] custom_lead_column
[07-Apr-2024 14:27:22 UTC] 344
[07-Apr-2024 14:27:22 UTC] Array
(
)

[07-Apr-2024 14:27:22 UTC] custom_lead_column
[07-Apr-2024 14:27:22 UTC] 344
[07-Apr-2024 14:27:22 UTC] Array
(
)

[07-Apr-2024 14:27:22 UTC] custom_lead_column
[07-Apr-2024 14:27:22 UTC] 344
[07-Apr-2024 14:27:22 UTC] Array
(
)

[07-Apr-2024 14:27:22 UTC] custom_lead_column
[07-Apr-2024 14:27:22 UTC] 344
[07-Apr-2024 14:27:22 UTC] Array
(
)

[07-Apr-2024 14:27:22 UTC] custom_lead_column
[07-Apr-2024 14:27:22 UTC] 344
[07-Apr-2024 14:27:22 UTC] Array
(
)

[07-Apr-2024 14:27:36 UTC] custom_lead_column
[07-Apr-2024 14:27:36 UTC] 352
[07-Apr-2024 14:27:36 UTC] Array
(
)

[07-Apr-2024 14:27:36 UTC] name
[07-Apr-2024 14:27:36 UTC] 
[07-Apr-2024 14:27:36 UTC] custom_lead_column
[07-Apr-2024 14:27:36 UTC] 352
[07-Apr-2024 14:27:36 UTC] Array
(
)

[07-Apr-2024 14:27:36 UTC] custom_lead_column
[07-Apr-2024 14:27:36 UTC] 352
[07-Apr-2024 14:27:36 UTC] Array
(
)

[07-Apr-2024 14:27:36 UTC] custom_lead_column
[07-Apr-2024 14:27:36 UTC] 352
[07-Apr-2024 14:27:36 UTC] Array
(
)

[07-Apr-2024 14:27:36 UTC] custom_lead_column
[07-Apr-2024 14:27:36 UTC] 352
[07-Apr-2024 14:27:36 UTC] Array
(
)

[07-Apr-2024 14:27:36 UTC] custom_lead_column
[07-Apr-2024 14:27:36 UTC] 352
[07-Apr-2024 14:27:36 UTC] Array
(
)

[07-Apr-2024 14:27:36 UTC] custom_lead_column
[07-Apr-2024 14:27:36 UTC] 352
[07-Apr-2024 14:27:36 UTC] Array
(
)

[07-Apr-2024 14:27:36 UTC] custom_lead_column
[07-Apr-2024 14:27:36 UTC] 352
[07-Apr-2024 14:27:36 UTC] Array
(
)

[07-Apr-2024 14:27:36 UTC] custom_lead_column
[07-Apr-2024 14:27:36 UTC] 352
[07-Apr-2024 14:27:36 UTC] Array
(
)

[07-Apr-2024 14:27:36 UTC] custom_lead_column
[07-Apr-2024 14:27:36 UTC] 352
[07-Apr-2024 14:27:36 UTC] Array
(
)

[07-Apr-2024 14:27:36 UTC] custom_lead_column
[07-Apr-2024 14:27:36 UTC] 345
[07-Apr-2024 14:27:36 UTC] Array
(
)

[07-Apr-2024 14:27:36 UTC] name
[07-Apr-2024 14:27:36 UTC] 
[07-Apr-2024 14:27:36 UTC] custom_lead_column
[07-Apr-2024 14:27:36 UTC] 345
[07-Apr-2024 14:27:36 UTC] Array
(
)

[07-Apr-2024 14:27:36 UTC] custom_lead_column
[07-Apr-2024 14:27:36 UTC] 345
[07-Apr-2024 14:27:36 UTC] Array
(
)

[07-Apr-2024 14:27:36 UTC] custom_lead_column
[07-Apr-2024 14:27:36 UTC] 345
[07-Apr-2024 14:27:36 UTC] Array
(
)

[07-Apr-2024 14:27:36 UTC] custom_lead_column
[07-Apr-2024 14:27:36 UTC] 345
[07-Apr-2024 14:27:36 UTC] Array
(
)

[07-Apr-2024 14:27:36 UTC] custom_lead_column
[07-Apr-2024 14:27:36 UTC] 345
[07-Apr-2024 14:27:36 UTC] Array
(
)

[07-Apr-2024 14:27:36 UTC] custom_lead_column
[07-Apr-2024 14:27:36 UTC] 345
[07-Apr-2024 14:27:36 UTC] Array
(
)

[07-Apr-2024 14:27:36 UTC] custom_lead_column
[07-Apr-2024 14:27:36 UTC] 345
[07-Apr-2024 14:27:36 UTC] Array
(
)

[07-Apr-2024 14:27:36 UTC] custom_lead_column
[07-Apr-2024 14:27:36 UTC] 345
[07-Apr-2024 14:27:36 UTC] Array
(
)

[07-Apr-2024 14:27:36 UTC] custom_lead_column
[07-Apr-2024 14:27:36 UTC] 345
[07-Apr-2024 14:27:36 UTC] Array
(
)

[07-Apr-2024 14:27:36 UTC] custom_lead_column
[07-Apr-2024 14:27:36 UTC] 344
[07-Apr-2024 14:27:36 UTC] Array
(
)

[07-Apr-2024 14:27:36 UTC] name
[07-Apr-2024 14:27:36 UTC] 
[07-Apr-2024 14:27:36 UTC] custom_lead_column
[07-Apr-2024 14:27:36 UTC] 344
[07-Apr-2024 14:27:36 UTC] Array
(
)

[07-Apr-2024 14:27:36 UTC] custom_lead_column
[07-Apr-2024 14:27:36 UTC] 344
[07-Apr-2024 14:27:36 UTC] Array
(
)

[07-Apr-2024 14:27:36 UTC] custom_lead_column
[07-Apr-2024 14:27:36 UTC] 344
[07-Apr-2024 14:27:36 UTC] Array
(
)

[07-Apr-2024 14:27:36 UTC] custom_lead_column
[07-Apr-2024 14:27:36 UTC] 344
[07-Apr-2024 14:27:36 UTC] Array
(
)

[07-Apr-2024 14:27:36 UTC] custom_lead_column
[07-Apr-2024 14:27:36 UTC] 344
[07-Apr-2024 14:27:36 UTC] Array
(
)

[07-Apr-2024 14:27:36 UTC] custom_lead_column
[07-Apr-2024 14:27:36 UTC] 344
[07-Apr-2024 14:27:36 UTC] Array
(
)

[07-Apr-2024 14:27:36 UTC] custom_lead_column
[07-Apr-2024 14:27:36 UTC] 344
[07-Apr-2024 14:27:36 UTC] Array
(
)

[07-Apr-2024 14:27:36 UTC] custom_lead_column
[07-Apr-2024 14:27:36 UTC] 344
[07-Apr-2024 14:27:36 UTC] Array
(
)

[07-Apr-2024 14:27:36 UTC] custom_lead_column
[07-Apr-2024 14:27:36 UTC] 344
[07-Apr-2024 14:27:36 UTC] Array
(
)

[07-Apr-2024 14:27:41 UTC] custom_lead_column
[07-Apr-2024 14:27:41 UTC] 345
[07-Apr-2024 14:27:41 UTC] Array
(
)

[07-Apr-2024 14:27:41 UTC] name
[07-Apr-2024 14:27:41 UTC] 
[07-Apr-2024 14:27:41 UTC] custom_lead_column
[07-Apr-2024 14:27:41 UTC] 345
[07-Apr-2024 14:27:41 UTC] Array
(
)

[07-Apr-2024 14:27:41 UTC] custom_lead_column
[07-Apr-2024 14:27:41 UTC] 345
[07-Apr-2024 14:27:41 UTC] Array
(
)

[07-Apr-2024 14:27:41 UTC] custom_lead_column
[07-Apr-2024 14:27:41 UTC] 345
[07-Apr-2024 14:27:41 UTC] Array
(
)

[07-Apr-2024 14:27:41 UTC] custom_lead_column
[07-Apr-2024 14:27:41 UTC] 345
[07-Apr-2024 14:27:41 UTC] Array
(
)

[07-Apr-2024 14:27:41 UTC] custom_lead_column
[07-Apr-2024 14:27:41 UTC] 345
[07-Apr-2024 14:27:41 UTC] Array
(
)

[07-Apr-2024 14:27:41 UTC] custom_lead_column
[07-Apr-2024 14:27:41 UTC] 345
[07-Apr-2024 14:27:41 UTC] Array
(
)

[07-Apr-2024 14:27:41 UTC] custom_lead_column
[07-Apr-2024 14:27:41 UTC] 345
[07-Apr-2024 14:27:41 UTC] Array
(
)

[07-Apr-2024 14:27:41 UTC] custom_lead_column
[07-Apr-2024 14:27:41 UTC] 345
[07-Apr-2024 14:27:41 UTC] Array
(
)

[07-Apr-2024 14:27:41 UTC] custom_lead_column
[07-Apr-2024 14:27:41 UTC] 345
[07-Apr-2024 14:27:41 UTC] Array
(
)

[07-Apr-2024 14:27:41 UTC] custom_lead_column
[07-Apr-2024 14:27:41 UTC] 352
[07-Apr-2024 14:27:41 UTC] Array
(
)

[07-Apr-2024 14:27:41 UTC] name
[07-Apr-2024 14:27:41 UTC] 
[07-Apr-2024 14:27:41 UTC] custom_lead_column
[07-Apr-2024 14:27:41 UTC] 352
[07-Apr-2024 14:27:41 UTC] Array
(
)

[07-Apr-2024 14:27:41 UTC] custom_lead_column
[07-Apr-2024 14:27:41 UTC] 352
[07-Apr-2024 14:27:41 UTC] Array
(
)

[07-Apr-2024 14:27:41 UTC] custom_lead_column
[07-Apr-2024 14:27:41 UTC] 352
[07-Apr-2024 14:27:41 UTC] Array
(
)

[07-Apr-2024 14:27:41 UTC] custom_lead_column
[07-Apr-2024 14:27:41 UTC] 352
[07-Apr-2024 14:27:41 UTC] Array
(
)

[07-Apr-2024 14:27:41 UTC] custom_lead_column
[07-Apr-2024 14:27:41 UTC] 352
[07-Apr-2024 14:27:41 UTC] Array
(
)

[07-Apr-2024 14:27:41 UTC] custom_lead_column
[07-Apr-2024 14:27:41 UTC] 352
[07-Apr-2024 14:27:41 UTC] Array
(
)

[07-Apr-2024 14:27:41 UTC] custom_lead_column
[07-Apr-2024 14:27:41 UTC] 352
[07-Apr-2024 14:27:41 UTC] Array
(
)

[07-Apr-2024 14:27:41 UTC] custom_lead_column
[07-Apr-2024 14:27:41 UTC] 352
[07-Apr-2024 14:27:41 UTC] Array
(
)

[07-Apr-2024 14:27:41 UTC] custom_lead_column
[07-Apr-2024 14:27:41 UTC] 352
[07-Apr-2024 14:27:41 UTC] Array
(
)

[07-Apr-2024 14:27:41 UTC] custom_lead_column
[07-Apr-2024 14:27:41 UTC] 344
[07-Apr-2024 14:27:41 UTC] Array
(
)

[07-Apr-2024 14:27:41 UTC] name
[07-Apr-2024 14:27:41 UTC] 
[07-Apr-2024 14:27:41 UTC] custom_lead_column
[07-Apr-2024 14:27:41 UTC] 344
[07-Apr-2024 14:27:41 UTC] Array
(
)

[07-Apr-2024 14:27:41 UTC] custom_lead_column
[07-Apr-2024 14:27:41 UTC] 344
[07-Apr-2024 14:27:41 UTC] Array
(
)

[07-Apr-2024 14:27:41 UTC] custom_lead_column
[07-Apr-2024 14:27:41 UTC] 344
[07-Apr-2024 14:27:41 UTC] Array
(
)

[07-Apr-2024 14:27:41 UTC] custom_lead_column
[07-Apr-2024 14:27:41 UTC] 344
[07-Apr-2024 14:27:41 UTC] Array
(
)

[07-Apr-2024 14:27:41 UTC] custom_lead_column
[07-Apr-2024 14:27:41 UTC] 344
[07-Apr-2024 14:27:41 UTC] Array
(
)

[07-Apr-2024 14:27:41 UTC] custom_lead_column
[07-Apr-2024 14:27:41 UTC] 344
[07-Apr-2024 14:27:41 UTC] Array
(
)

[07-Apr-2024 14:27:41 UTC] custom_lead_column
[07-Apr-2024 14:27:41 UTC] 344
[07-Apr-2024 14:27:41 UTC] Array
(
)

[07-Apr-2024 14:27:41 UTC] custom_lead_column
[07-Apr-2024 14:27:41 UTC] 344
[07-Apr-2024 14:27:41 UTC] Array
(
)

[07-Apr-2024 14:27:41 UTC] custom_lead_column
[07-Apr-2024 14:27:41 UTC] 344
[07-Apr-2024 14:27:41 UTC] Array
(
)

[07-Apr-2024 14:27:41 UTC] custom_lead_column
[07-Apr-2024 14:27:41 UTC] 344
[07-Apr-2024 14:27:41 UTC] Array
(
)

[07-Apr-2024 14:27:41 UTC] name
[07-Apr-2024 14:27:41 UTC] 
[07-Apr-2024 14:27:41 UTC] custom_lead_column
[07-Apr-2024 14:27:41 UTC] 344
[07-Apr-2024 14:27:41 UTC] Array
(
)

[07-Apr-2024 14:27:41 UTC] custom_lead_column
[07-Apr-2024 14:27:41 UTC] 344
[07-Apr-2024 14:27:41 UTC] Array
(
)

[07-Apr-2024 14:27:41 UTC] custom_lead_column
[07-Apr-2024 14:27:41 UTC] 344
[07-Apr-2024 14:27:41 UTC] Array
(
)

[07-Apr-2024 14:27:41 UTC] custom_lead_column
[07-Apr-2024 14:27:41 UTC] 344
[07-Apr-2024 14:27:41 UTC] Array
(
)

[07-Apr-2024 14:27:41 UTC] custom_lead_column
[07-Apr-2024 14:27:41 UTC] 344
[07-Apr-2024 14:27:41 UTC] Array
(
)

[07-Apr-2024 14:27:41 UTC] custom_lead_column
[07-Apr-2024 14:27:41 UTC] 344
[07-Apr-2024 14:27:41 UTC] Array
(
)

[07-Apr-2024 14:27:41 UTC] custom_lead_column
[07-Apr-2024 14:27:41 UTC] 344
[07-Apr-2024 14:27:41 UTC] Array
(
)

[07-Apr-2024 14:27:41 UTC] custom_lead_column
[07-Apr-2024 14:27:41 UTC] 344
[07-Apr-2024 14:27:41 UTC] Array
(
)

[07-Apr-2024 14:27:41 UTC] custom_lead_column
[07-Apr-2024 14:27:41 UTC] 344
[07-Apr-2024 14:27:41 UTC] Array
(
)

[07-Apr-2024 14:27:41 UTC] custom_lead_column
[07-Apr-2024 14:27:41 UTC] 352
[07-Apr-2024 14:27:41 UTC] Array
(
)

[07-Apr-2024 14:27:41 UTC] name
[07-Apr-2024 14:27:41 UTC] 
[07-Apr-2024 14:27:41 UTC] custom_lead_column
[07-Apr-2024 14:27:41 UTC] 352
[07-Apr-2024 14:27:41 UTC] Array
(
)

[07-Apr-2024 14:27:41 UTC] custom_lead_column
[07-Apr-2024 14:27:41 UTC] 352
[07-Apr-2024 14:27:41 UTC] Array
(
)

[07-Apr-2024 14:27:41 UTC] custom_lead_column
[07-Apr-2024 14:27:41 UTC] 352
[07-Apr-2024 14:27:41 UTC] Array
(
)

[07-Apr-2024 14:27:41 UTC] custom_lead_column
[07-Apr-2024 14:27:41 UTC] 352
[07-Apr-2024 14:27:41 UTC] Array
(
)

[07-Apr-2024 14:27:41 UTC] custom_lead_column
[07-Apr-2024 14:27:41 UTC] 352
[07-Apr-2024 14:27:41 UTC] Array
(
)

[07-Apr-2024 14:27:41 UTC] custom_lead_column
[07-Apr-2024 14:27:41 UTC] 352
[07-Apr-2024 14:27:41 UTC] Array
(
)

[07-Apr-2024 14:27:41 UTC] custom_lead_column
[07-Apr-2024 14:27:41 UTC] 352
[07-Apr-2024 14:27:41 UTC] Array
(
)

[07-Apr-2024 14:27:41 UTC] custom_lead_column
[07-Apr-2024 14:27:41 UTC] 352
[07-Apr-2024 14:27:41 UTC] Array
(
)

[07-Apr-2024 14:27:41 UTC] custom_lead_column
[07-Apr-2024 14:27:41 UTC] 352
[07-Apr-2024 14:27:41 UTC] Array
(
)

[07-Apr-2024 14:27:41 UTC] custom_lead_column
[07-Apr-2024 14:27:41 UTC] 345
[07-Apr-2024 14:27:41 UTC] Array
(
)

[07-Apr-2024 14:27:41 UTC] name
[07-Apr-2024 14:27:41 UTC] 
[07-Apr-2024 14:27:41 UTC] custom_lead_column
[07-Apr-2024 14:27:41 UTC] 345
[07-Apr-2024 14:27:41 UTC] Array
(
)

[07-Apr-2024 14:27:41 UTC] custom_lead_column
[07-Apr-2024 14:27:41 UTC] 345
[07-Apr-2024 14:27:41 UTC] Array
(
)

[07-Apr-2024 14:27:41 UTC] custom_lead_column
[07-Apr-2024 14:27:41 UTC] 345
[07-Apr-2024 14:27:41 UTC] Array
(
)

[07-Apr-2024 14:27:41 UTC] custom_lead_column
[07-Apr-2024 14:27:41 UTC] 345
[07-Apr-2024 14:27:41 UTC] Array
(
)

[07-Apr-2024 14:27:41 UTC] custom_lead_column
[07-Apr-2024 14:27:41 UTC] 345
[07-Apr-2024 14:27:41 UTC] Array
(
)

[07-Apr-2024 14:27:41 UTC] custom_lead_column
[07-Apr-2024 14:27:41 UTC] 345
[07-Apr-2024 14:27:41 UTC] Array
(
)

[07-Apr-2024 14:27:41 UTC] custom_lead_column
[07-Apr-2024 14:27:41 UTC] 345
[07-Apr-2024 14:27:41 UTC] Array
(
)

[07-Apr-2024 14:27:41 UTC] custom_lead_column
[07-Apr-2024 14:27:41 UTC] 345
[07-Apr-2024 14:27:41 UTC] Array
(
)

[07-Apr-2024 14:27:41 UTC] custom_lead_column
[07-Apr-2024 14:27:41 UTC] 345
[07-Apr-2024 14:27:41 UTC] Array
(
)

[07-Apr-2024 14:30:28 UTC] custom_lead_column
[07-Apr-2024 14:30:28 UTC] 345
[07-Apr-2024 14:30:28 UTC] Array
(
)

[07-Apr-2024 14:30:28 UTC] name
[07-Apr-2024 14:30:28 UTC] 
[07-Apr-2024 14:30:28 UTC] custom_lead_column
[07-Apr-2024 14:30:28 UTC] 345
[07-Apr-2024 14:30:28 UTC] Array
(
)

[07-Apr-2024 14:30:28 UTC] custom_lead_column
[07-Apr-2024 14:30:28 UTC] 345
[07-Apr-2024 14:30:28 UTC] Array
(
)

[07-Apr-2024 14:30:28 UTC] custom_lead_column
[07-Apr-2024 14:30:28 UTC] 345
[07-Apr-2024 14:30:28 UTC] Array
(
)

[07-Apr-2024 14:30:28 UTC] custom_lead_column
[07-Apr-2024 14:30:28 UTC] 345
[07-Apr-2024 14:30:28 UTC] Array
(
)

[07-Apr-2024 14:30:28 UTC] custom_lead_column
[07-Apr-2024 14:30:28 UTC] 345
[07-Apr-2024 14:30:28 UTC] Array
(
)

[07-Apr-2024 14:30:28 UTC] custom_lead_column
[07-Apr-2024 14:30:28 UTC] 345
[07-Apr-2024 14:30:28 UTC] Array
(
)

[07-Apr-2024 14:30:28 UTC] custom_lead_column
[07-Apr-2024 14:30:28 UTC] 345
[07-Apr-2024 14:30:28 UTC] Array
(
)

[07-Apr-2024 14:30:28 UTC] custom_lead_column
[07-Apr-2024 14:30:28 UTC] 345
[07-Apr-2024 14:30:28 UTC] Array
(
)

[07-Apr-2024 14:30:28 UTC] custom_lead_column
[07-Apr-2024 14:30:28 UTC] 345
[07-Apr-2024 14:30:28 UTC] Array
(
)

[07-Apr-2024 14:30:28 UTC] custom_lead_column
[07-Apr-2024 14:30:28 UTC] 352
[07-Apr-2024 14:30:28 UTC] Array
(
)

[07-Apr-2024 14:30:28 UTC] name
[07-Apr-2024 14:30:28 UTC] 
[07-Apr-2024 14:30:28 UTC] custom_lead_column
[07-Apr-2024 14:30:28 UTC] 352
[07-Apr-2024 14:30:28 UTC] Array
(
)

[07-Apr-2024 14:30:28 UTC] custom_lead_column
[07-Apr-2024 14:30:28 UTC] 352
[07-Apr-2024 14:30:28 UTC] Array
(
)

[07-Apr-2024 14:30:28 UTC] custom_lead_column
[07-Apr-2024 14:30:28 UTC] 352
[07-Apr-2024 14:30:28 UTC] Array
(
)

[07-Apr-2024 14:30:28 UTC] custom_lead_column
[07-Apr-2024 14:30:28 UTC] 352
[07-Apr-2024 14:30:28 UTC] Array
(
)

[07-Apr-2024 14:30:28 UTC] custom_lead_column
[07-Apr-2024 14:30:28 UTC] 352
[07-Apr-2024 14:30:28 UTC] Array
(
)

[07-Apr-2024 14:30:28 UTC] custom_lead_column
[07-Apr-2024 14:30:28 UTC] 352
[07-Apr-2024 14:30:28 UTC] Array
(
)

[07-Apr-2024 14:30:28 UTC] custom_lead_column
[07-Apr-2024 14:30:28 UTC] 352
[07-Apr-2024 14:30:28 UTC] Array
(
)

[07-Apr-2024 14:30:28 UTC] custom_lead_column
[07-Apr-2024 14:30:28 UTC] 352
[07-Apr-2024 14:30:28 UTC] Array
(
)

[07-Apr-2024 14:30:28 UTC] custom_lead_column
[07-Apr-2024 14:30:28 UTC] 352
[07-Apr-2024 14:30:28 UTC] Array
(
)

[07-Apr-2024 14:30:28 UTC] custom_lead_column
[07-Apr-2024 14:30:28 UTC] 344
[07-Apr-2024 14:30:28 UTC] Array
(
)

[07-Apr-2024 14:30:28 UTC] name
[07-Apr-2024 14:30:28 UTC] 
[07-Apr-2024 14:30:28 UTC] custom_lead_column
[07-Apr-2024 14:30:28 UTC] 344
[07-Apr-2024 14:30:28 UTC] Array
(
)

[07-Apr-2024 14:30:28 UTC] custom_lead_column
[07-Apr-2024 14:30:28 UTC] 344
[07-Apr-2024 14:30:28 UTC] Array
(
)

[07-Apr-2024 14:30:28 UTC] custom_lead_column
[07-Apr-2024 14:30:28 UTC] 344
[07-Apr-2024 14:30:28 UTC] Array
(
)

[07-Apr-2024 14:30:28 UTC] custom_lead_column
[07-Apr-2024 14:30:28 UTC] 344
[07-Apr-2024 14:30:28 UTC] Array
(
)

[07-Apr-2024 14:30:28 UTC] custom_lead_column
[07-Apr-2024 14:30:28 UTC] 344
[07-Apr-2024 14:30:28 UTC] Array
(
)

[07-Apr-2024 14:30:28 UTC] custom_lead_column
[07-Apr-2024 14:30:28 UTC] 344
[07-Apr-2024 14:30:28 UTC] Array
(
)

[07-Apr-2024 14:30:28 UTC] custom_lead_column
[07-Apr-2024 14:30:28 UTC] 344
[07-Apr-2024 14:30:28 UTC] Array
(
)

[07-Apr-2024 14:30:28 UTC] custom_lead_column
[07-Apr-2024 14:30:28 UTC] 344
[07-Apr-2024 14:30:28 UTC] Array
(
)

[07-Apr-2024 14:30:28 UTC] custom_lead_column
[07-Apr-2024 14:30:28 UTC] 344
[07-Apr-2024 14:30:28 UTC] Array
(
)

[07-Apr-2024 14:31:24 UTC] custom_lead_column
[07-Apr-2024 14:31:24 UTC] 345
[07-Apr-2024 14:31:24 UTC] Array
(
    [_edit_lock] => Array
        (
            [0] => 1712500234:1
        )

)

[07-Apr-2024 14:31:24 UTC] name
[07-Apr-2024 14:31:24 UTC] 
[07-Apr-2024 14:31:24 UTC] custom_lead_column
[07-Apr-2024 14:31:24 UTC] 345
[07-Apr-2024 14:31:24 UTC] Array
(
    [_edit_lock] => Array
        (
            [0] => 1712500234:1
        )

)

[07-Apr-2024 14:31:24 UTC] custom_lead_column
[07-Apr-2024 14:31:24 UTC] 345
[07-Apr-2024 14:31:24 UTC] Array
(
    [_edit_lock] => Array
        (
            [0] => 1712500234:1
        )

)

[07-Apr-2024 14:31:24 UTC] custom_lead_column
[07-Apr-2024 14:31:24 UTC] 345
[07-Apr-2024 14:31:24 UTC] Array
(
    [_edit_lock] => Array
        (
            [0] => 1712500234:1
        )

)

[07-Apr-2024 14:31:24 UTC] custom_lead_column
[07-Apr-2024 14:31:24 UTC] 345
[07-Apr-2024 14:31:24 UTC] Array
(
    [_edit_lock] => Array
        (
            [0] => 1712500234:1
        )

)

[07-Apr-2024 14:31:24 UTC] custom_lead_column
[07-Apr-2024 14:31:24 UTC] 345
[07-Apr-2024 14:31:24 UTC] Array
(
    [_edit_lock] => Array
        (
            [0] => 1712500234:1
        )

)

[07-Apr-2024 14:31:24 UTC] custom_lead_column
[07-Apr-2024 14:31:24 UTC] 345
[07-Apr-2024 14:31:24 UTC] Array
(
    [_edit_lock] => Array
        (
            [0] => 1712500234:1
        )

)

[07-Apr-2024 14:31:24 UTC] custom_lead_column
[07-Apr-2024 14:31:24 UTC] 345
[07-Apr-2024 14:31:24 UTC] Array
(
    [_edit_lock] => Array
        (
            [0] => 1712500234:1
        )

)

[07-Apr-2024 14:31:24 UTC] custom_lead_column
[07-Apr-2024 14:31:24 UTC] 345
[07-Apr-2024 14:31:24 UTC] Array
(
    [_edit_lock] => Array
        (
            [0] => 1712500234:1
        )

)

[07-Apr-2024 14:31:24 UTC] custom_lead_column
[07-Apr-2024 14:31:24 UTC] 345
[07-Apr-2024 14:31:24 UTC] Array
(
    [_edit_lock] => Array
        (
            [0] => 1712500234:1
        )

)

[07-Apr-2024 14:31:24 UTC] custom_lead_column
[07-Apr-2024 14:31:24 UTC] 352
[07-Apr-2024 14:31:24 UTC] Array
(
)

[07-Apr-2024 14:31:24 UTC] name
[07-Apr-2024 14:31:24 UTC] 
[07-Apr-2024 14:31:24 UTC] custom_lead_column
[07-Apr-2024 14:31:24 UTC] 352
[07-Apr-2024 14:31:24 UTC] Array
(
)

[07-Apr-2024 14:31:24 UTC] custom_lead_column
[07-Apr-2024 14:31:24 UTC] 352
[07-Apr-2024 14:31:24 UTC] Array
(
)

[07-Apr-2024 14:31:24 UTC] custom_lead_column
[07-Apr-2024 14:31:24 UTC] 352
[07-Apr-2024 14:31:24 UTC] Array
(
)

[07-Apr-2024 14:31:24 UTC] custom_lead_column
[07-Apr-2024 14:31:24 UTC] 352
[07-Apr-2024 14:31:24 UTC] Array
(
)

[07-Apr-2024 14:31:24 UTC] custom_lead_column
[07-Apr-2024 14:31:24 UTC] 352
[07-Apr-2024 14:31:24 UTC] Array
(
)

[07-Apr-2024 14:31:24 UTC] custom_lead_column
[07-Apr-2024 14:31:24 UTC] 352
[07-Apr-2024 14:31:24 UTC] Array
(
)

[07-Apr-2024 14:31:24 UTC] custom_lead_column
[07-Apr-2024 14:31:24 UTC] 352
[07-Apr-2024 14:31:24 UTC] Array
(
)

[07-Apr-2024 14:31:24 UTC] custom_lead_column
[07-Apr-2024 14:31:24 UTC] 352
[07-Apr-2024 14:31:24 UTC] Array
(
)

[07-Apr-2024 14:31:24 UTC] custom_lead_column
[07-Apr-2024 14:31:24 UTC] 352
[07-Apr-2024 14:31:24 UTC] Array
(
)

[07-Apr-2024 14:31:24 UTC] custom_lead_column
[07-Apr-2024 14:31:24 UTC] 344
[07-Apr-2024 14:31:24 UTC] Array
(
)

[07-Apr-2024 14:31:24 UTC] name
[07-Apr-2024 14:31:24 UTC] 
[07-Apr-2024 14:31:24 UTC] custom_lead_column
[07-Apr-2024 14:31:24 UTC] 344
[07-Apr-2024 14:31:24 UTC] Array
(
)

[07-Apr-2024 14:31:24 UTC] custom_lead_column
[07-Apr-2024 14:31:24 UTC] 344
[07-Apr-2024 14:31:24 UTC] Array
(
)

[07-Apr-2024 14:31:24 UTC] custom_lead_column
[07-Apr-2024 14:31:24 UTC] 344
[07-Apr-2024 14:31:24 UTC] Array
(
)

[07-Apr-2024 14:31:24 UTC] custom_lead_column
[07-Apr-2024 14:31:24 UTC] 344
[07-Apr-2024 14:31:24 UTC] Array
(
)

[07-Apr-2024 14:31:24 UTC] custom_lead_column
[07-Apr-2024 14:31:24 UTC] 344
[07-Apr-2024 14:31:24 UTC] Array
(
)

[07-Apr-2024 14:31:24 UTC] custom_lead_column
[07-Apr-2024 14:31:24 UTC] 344
[07-Apr-2024 14:31:24 UTC] Array
(
)

[07-Apr-2024 14:31:24 UTC] custom_lead_column
[07-Apr-2024 14:31:24 UTC] 344
[07-Apr-2024 14:31:24 UTC] Array
(
)

[07-Apr-2024 14:31:24 UTC] custom_lead_column
[07-Apr-2024 14:31:24 UTC] 344
[07-Apr-2024 14:31:24 UTC] Array
(
)

[07-Apr-2024 14:31:24 UTC] custom_lead_column
[07-Apr-2024 14:31:24 UTC] 344
[07-Apr-2024 14:31:24 UTC] Array
(
)

[07-Apr-2024 14:31:31 UTC] custom_lead_column
[07-Apr-2024 14:31:31 UTC] 345
[07-Apr-2024 14:31:31 UTC] Array
(
    [_edit_lock] => Array
        (
            [0] => 1712500288:1
        )

)

[07-Apr-2024 14:31:31 UTC] name
[07-Apr-2024 14:31:31 UTC] 
[07-Apr-2024 14:31:31 UTC] custom_lead_column
[07-Apr-2024 14:31:31 UTC] 345
[07-Apr-2024 14:31:31 UTC] Array
(
    [_edit_lock] => Array
        (
            [0] => 1712500288:1
        )

)

[07-Apr-2024 14:31:31 UTC] custom_lead_column
[07-Apr-2024 14:31:31 UTC] 345
[07-Apr-2024 14:31:31 UTC] Array
(
    [_edit_lock] => Array
        (
            [0] => 1712500288:1
        )

)

[07-Apr-2024 14:31:31 UTC] custom_lead_column
[07-Apr-2024 14:31:31 UTC] 345
[07-Apr-2024 14:31:31 UTC] Array
(
    [_edit_lock] => Array
        (
            [0] => 1712500288:1
        )

)

[07-Apr-2024 14:31:31 UTC] custom_lead_column
[07-Apr-2024 14:31:31 UTC] 345
[07-Apr-2024 14:31:31 UTC] Array
(
    [_edit_lock] => Array
        (
            [0] => 1712500288:1
        )

)

[07-Apr-2024 14:31:31 UTC] custom_lead_column
[07-Apr-2024 14:31:31 UTC] 345
[07-Apr-2024 14:31:31 UTC] Array
(
    [_edit_lock] => Array
        (
            [0] => 1712500288:1
        )

)

[07-Apr-2024 14:31:31 UTC] custom_lead_column
[07-Apr-2024 14:31:31 UTC] 345
[07-Apr-2024 14:31:31 UTC] Array
(
    [_edit_lock] => Array
        (
            [0] => 1712500288:1
        )

)

[07-Apr-2024 14:31:31 UTC] custom_lead_column
[07-Apr-2024 14:31:31 UTC] 345
[07-Apr-2024 14:31:31 UTC] Array
(
    [_edit_lock] => Array
        (
            [0] => 1712500288:1
        )

)

[07-Apr-2024 14:31:31 UTC] custom_lead_column
[07-Apr-2024 14:31:31 UTC] 345
[07-Apr-2024 14:31:31 UTC] Array
(
    [_edit_lock] => Array
        (
            [0] => 1712500288:1
        )

)

[07-Apr-2024 14:31:31 UTC] custom_lead_column
[07-Apr-2024 14:31:31 UTC] 345
[07-Apr-2024 14:31:31 UTC] Array
(
    [_edit_lock] => Array
        (
            [0] => 1712500288:1
        )

)

[07-Apr-2024 14:31:31 UTC] custom_lead_column
[07-Apr-2024 14:31:31 UTC] 352
[07-Apr-2024 14:31:31 UTC] Array
(
)

[07-Apr-2024 14:31:31 UTC] name
[07-Apr-2024 14:31:31 UTC] 
[07-Apr-2024 14:31:31 UTC] custom_lead_column
[07-Apr-2024 14:31:31 UTC] 352
[07-Apr-2024 14:31:31 UTC] Array
(
)

[07-Apr-2024 14:31:31 UTC] custom_lead_column
[07-Apr-2024 14:31:31 UTC] 352
[07-Apr-2024 14:31:31 UTC] Array
(
)

[07-Apr-2024 14:31:31 UTC] custom_lead_column
[07-Apr-2024 14:31:31 UTC] 352
[07-Apr-2024 14:31:31 UTC] Array
(
)

[07-Apr-2024 14:31:31 UTC] custom_lead_column
[07-Apr-2024 14:31:31 UTC] 352
[07-Apr-2024 14:31:31 UTC] Array
(
)

[07-Apr-2024 14:31:31 UTC] custom_lead_column
[07-Apr-2024 14:31:31 UTC] 352
[07-Apr-2024 14:31:31 UTC] Array
(
)

[07-Apr-2024 14:31:31 UTC] custom_lead_column
[07-Apr-2024 14:31:31 UTC] 352
[07-Apr-2024 14:31:31 UTC] Array
(
)

[07-Apr-2024 14:31:31 UTC] custom_lead_column
[07-Apr-2024 14:31:31 UTC] 352
[07-Apr-2024 14:31:31 UTC] Array
(
)

[07-Apr-2024 14:31:31 UTC] custom_lead_column
[07-Apr-2024 14:31:31 UTC] 352
[07-Apr-2024 14:31:31 UTC] Array
(
)

[07-Apr-2024 14:31:31 UTC] custom_lead_column
[07-Apr-2024 14:31:31 UTC] 352
[07-Apr-2024 14:31:31 UTC] Array
(
)

[07-Apr-2024 14:31:31 UTC] custom_lead_column
[07-Apr-2024 14:31:31 UTC] 344
[07-Apr-2024 14:31:31 UTC] Array
(
)

[07-Apr-2024 14:31:31 UTC] name
[07-Apr-2024 14:31:31 UTC] 
[07-Apr-2024 14:31:31 UTC] custom_lead_column
[07-Apr-2024 14:31:31 UTC] 344
[07-Apr-2024 14:31:31 UTC] Array
(
)

[07-Apr-2024 14:31:31 UTC] custom_lead_column
[07-Apr-2024 14:31:31 UTC] 344
[07-Apr-2024 14:31:31 UTC] Array
(
)

[07-Apr-2024 14:31:31 UTC] custom_lead_column
[07-Apr-2024 14:31:31 UTC] 344
[07-Apr-2024 14:31:31 UTC] Array
(
)

[07-Apr-2024 14:31:31 UTC] custom_lead_column
[07-Apr-2024 14:31:31 UTC] 344
[07-Apr-2024 14:31:31 UTC] Array
(
)

[07-Apr-2024 14:31:31 UTC] custom_lead_column
[07-Apr-2024 14:31:31 UTC] 344
[07-Apr-2024 14:31:31 UTC] Array
(
)

[07-Apr-2024 14:31:31 UTC] custom_lead_column
[07-Apr-2024 14:31:31 UTC] 344
[07-Apr-2024 14:31:31 UTC] Array
(
)

[07-Apr-2024 14:31:31 UTC] custom_lead_column
[07-Apr-2024 14:31:31 UTC] 344
[07-Apr-2024 14:31:31 UTC] Array
(
)

[07-Apr-2024 14:31:31 UTC] custom_lead_column
[07-Apr-2024 14:31:31 UTC] 344
[07-Apr-2024 14:31:31 UTC] Array
(
)

[07-Apr-2024 14:31:31 UTC] custom_lead_column
[07-Apr-2024 14:31:31 UTC] 344
[07-Apr-2024 14:31:31 UTC] Array
(
)

[07-Apr-2024 14:37:55 UTC] custom_lead_column
[07-Apr-2024 14:37:55 UTC] 352
[07-Apr-2024 14:37:55 UTC] Array
(
)

[07-Apr-2024 14:37:55 UTC] name
[07-Apr-2024 14:37:55 UTC] 
[07-Apr-2024 14:37:55 UTC] custom_lead_column
[07-Apr-2024 14:37:55 UTC] 352
[07-Apr-2024 14:37:55 UTC] Array
(
)

[07-Apr-2024 14:37:55 UTC] custom_lead_column
[07-Apr-2024 14:37:55 UTC] 352
[07-Apr-2024 14:37:55 UTC] Array
(
)

[07-Apr-2024 14:37:55 UTC] custom_lead_column
[07-Apr-2024 14:37:55 UTC] 352
[07-Apr-2024 14:37:55 UTC] Array
(
)

[07-Apr-2024 14:37:55 UTC] custom_lead_column
[07-Apr-2024 14:37:55 UTC] 352
[07-Apr-2024 14:37:55 UTC] Array
(
)

[07-Apr-2024 14:37:55 UTC] custom_lead_column
[07-Apr-2024 14:37:55 UTC] 352
[07-Apr-2024 14:37:55 UTC] Array
(
)

[07-Apr-2024 14:37:55 UTC] custom_lead_column
[07-Apr-2024 14:37:55 UTC] 352
[07-Apr-2024 14:37:55 UTC] Array
(
)

[07-Apr-2024 14:37:55 UTC] custom_lead_column
[07-Apr-2024 14:37:55 UTC] 352
[07-Apr-2024 14:37:55 UTC] Array
(
)

[07-Apr-2024 14:37:55 UTC] custom_lead_column
[07-Apr-2024 14:37:55 UTC] 352
[07-Apr-2024 14:37:55 UTC] Array
(
)

[07-Apr-2024 14:37:55 UTC] custom_lead_column
[07-Apr-2024 14:37:55 UTC] 352
[07-Apr-2024 14:37:55 UTC] Array
(
)

[07-Apr-2024 14:37:55 UTC] custom_lead_column
[07-Apr-2024 14:37:55 UTC] 345
[07-Apr-2024 14:37:55 UTC] Array
(
    [_edit_lock] => Array
        (
            [0] => 1712500524:1
        )

)

[07-Apr-2024 14:37:55 UTC] name
[07-Apr-2024 14:37:55 UTC] 
[07-Apr-2024 14:37:55 UTC] custom_lead_column
[07-Apr-2024 14:37:55 UTC] 345
[07-Apr-2024 14:37:55 UTC] Array
(
    [_edit_lock] => Array
        (
            [0] => 1712500524:1
        )

)

[07-Apr-2024 14:37:55 UTC] custom_lead_column
[07-Apr-2024 14:37:55 UTC] 345
[07-Apr-2024 14:37:55 UTC] Array
(
    [_edit_lock] => Array
        (
            [0] => 1712500524:1
        )

)

[07-Apr-2024 14:37:55 UTC] custom_lead_column
[07-Apr-2024 14:37:55 UTC] 345
[07-Apr-2024 14:37:55 UTC] Array
(
    [_edit_lock] => Array
        (
            [0] => 1712500524:1
        )

)

[07-Apr-2024 14:37:55 UTC] custom_lead_column
[07-Apr-2024 14:37:55 UTC] 345
[07-Apr-2024 14:37:55 UTC] Array
(
    [_edit_lock] => Array
        (
            [0] => 1712500524:1
        )

)

[07-Apr-2024 14:37:55 UTC] custom_lead_column
[07-Apr-2024 14:37:55 UTC] 345
[07-Apr-2024 14:37:55 UTC] Array
(
    [_edit_lock] => Array
        (
            [0] => 1712500524:1
        )

)

[07-Apr-2024 14:37:55 UTC] custom_lead_column
[07-Apr-2024 14:37:55 UTC] 345
[07-Apr-2024 14:37:55 UTC] Array
(
    [_edit_lock] => Array
        (
            [0] => 1712500524:1
        )

)

[07-Apr-2024 14:37:55 UTC] custom_lead_column
[07-Apr-2024 14:37:55 UTC] 345
[07-Apr-2024 14:37:55 UTC] Array
(
    [_edit_lock] => Array
        (
            [0] => 1712500524:1
        )

)

[07-Apr-2024 14:37:55 UTC] custom_lead_column
[07-Apr-2024 14:37:55 UTC] 345
[07-Apr-2024 14:37:55 UTC] Array
(
    [_edit_lock] => Array
        (
            [0] => 1712500524:1
        )

)

[07-Apr-2024 14:37:55 UTC] custom_lead_column
[07-Apr-2024 14:37:55 UTC] 345
[07-Apr-2024 14:37:55 UTC] Array
(
    [_edit_lock] => Array
        (
            [0] => 1712500524:1
        )

)

[07-Apr-2024 14:37:55 UTC] custom_lead_column
[07-Apr-2024 14:37:55 UTC] 344
[07-Apr-2024 14:37:55 UTC] Array
(
)

[07-Apr-2024 14:37:55 UTC] name
[07-Apr-2024 14:37:55 UTC] 
[07-Apr-2024 14:37:55 UTC] custom_lead_column
[07-Apr-2024 14:37:55 UTC] 344
[07-Apr-2024 14:37:55 UTC] Array
(
)

[07-Apr-2024 14:37:55 UTC] custom_lead_column
[07-Apr-2024 14:37:55 UTC] 344
[07-Apr-2024 14:37:55 UTC] Array
(
)

[07-Apr-2024 14:37:55 UTC] custom_lead_column
[07-Apr-2024 14:37:55 UTC] 344
[07-Apr-2024 14:37:55 UTC] Array
(
)

[07-Apr-2024 14:37:55 UTC] custom_lead_column
[07-Apr-2024 14:37:55 UTC] 344
[07-Apr-2024 14:37:55 UTC] Array
(
)

[07-Apr-2024 14:37:55 UTC] custom_lead_column
[07-Apr-2024 14:37:55 UTC] 344
[07-Apr-2024 14:37:55 UTC] Array
(
)

[07-Apr-2024 14:37:55 UTC] custom_lead_column
[07-Apr-2024 14:37:55 UTC] 344
[07-Apr-2024 14:37:55 UTC] Array
(
)

[07-Apr-2024 14:37:55 UTC] custom_lead_column
[07-Apr-2024 14:37:55 UTC] 344
[07-Apr-2024 14:37:55 UTC] Array
(
)

[07-Apr-2024 14:37:55 UTC] custom_lead_column
[07-Apr-2024 14:37:55 UTC] 344
[07-Apr-2024 14:37:55 UTC] Array
(
)

[07-Apr-2024 14:37:55 UTC] custom_lead_column
[07-Apr-2024 14:37:55 UTC] 344
[07-Apr-2024 14:37:55 UTC] Array
(
)

[07-Apr-2024 16:13:40 UTC] MY MESSAGE BELOW
[07-Apr-2024 16:13:40 UTC] Array
(
    [your-name] => asdfsadf asdfasdf
    [phonetext-94] => +380231312312
    [full_number] => 
    [phonetext-94-country-code] => +380
    [your-email] => sdafasdf@gma.cim
    [your-message] => 
    [utm_source] => 
    [utm_medium] => 
    [utm_campaign] => 
    [utm_keyword] => 
    [utm_content] => 
)

[07-Apr-2024 16:13:40 UTC] 353
[07-Apr-2024 16:15:51 UTC] MY MESSAGE BELOW
[07-Apr-2024 16:15:51 UTC] Array
(
    [your-name] => sadfasdf asdfasdf
    [phonetext-94] => +380123123
    [full_number] => 
    [phonetext-94-country-code] => +380
    [your-email] => asdfasdf@gma.c
    [your-message] => 
    [utm_source] => 
    [utm_medium] => 
    [utm_campaign] => 
    [utm_keyword] => 
    [utm_content] => 
)

[07-Apr-2024 16:15:51 UTC] 354
[07-Apr-2024 16:16:23 UTC] custom_lead_column email
[07-Apr-2024 16:16:23 UTC] 354
[07-Apr-2024 16:16:23 UTC] 
[07-Apr-2024 16:16:23 UTC] name
[07-Apr-2024 16:16:23 UTC] 
[07-Apr-2024 16:16:23 UTC] custom_lead_column email
[07-Apr-2024 16:16:23 UTC] 354
[07-Apr-2024 16:16:23 UTC] 
[07-Apr-2024 16:16:23 UTC] custom_lead_column email
[07-Apr-2024 16:16:23 UTC] 354
[07-Apr-2024 16:16:23 UTC] 
[07-Apr-2024 16:16:23 UTC] custom_lead_column email
[07-Apr-2024 16:16:23 UTC] 354
[07-Apr-2024 16:16:23 UTC] 
[07-Apr-2024 16:16:23 UTC] custom_lead_column email
[07-Apr-2024 16:16:23 UTC] 354
[07-Apr-2024 16:16:23 UTC] 
[07-Apr-2024 16:16:23 UTC] custom_lead_column email
[07-Apr-2024 16:16:23 UTC] 354
[07-Apr-2024 16:16:23 UTC] 
[07-Apr-2024 16:16:23 UTC] custom_lead_column email
[07-Apr-2024 16:16:23 UTC] 354
[07-Apr-2024 16:16:23 UTC] 
[07-Apr-2024 16:16:23 UTC] custom_lead_column email
[07-Apr-2024 16:16:23 UTC] 354
[07-Apr-2024 16:16:23 UTC] 
[07-Apr-2024 16:16:23 UTC] custom_lead_column email
[07-Apr-2024 16:16:23 UTC] 354
[07-Apr-2024 16:16:23 UTC] 
[07-Apr-2024 16:16:23 UTC] custom_lead_column email
[07-Apr-2024 16:16:23 UTC] 354
[07-Apr-2024 16:16:23 UTC] 
[07-Apr-2024 16:16:23 UTC] custom_lead_column email
[07-Apr-2024 16:16:23 UTC] 353
[07-Apr-2024 16:16:23 UTC] 
[07-Apr-2024 16:16:23 UTC] name
[07-Apr-2024 16:16:23 UTC] 
[07-Apr-2024 16:16:23 UTC] custom_lead_column email
[07-Apr-2024 16:16:23 UTC] 353
[07-Apr-2024 16:16:23 UTC] 
[07-Apr-2024 16:16:23 UTC] custom_lead_column email
[07-Apr-2024 16:16:23 UTC] 353
[07-Apr-2024 16:16:23 UTC] 
[07-Apr-2024 16:16:23 UTC] custom_lead_column email
[07-Apr-2024 16:16:23 UTC] 353
[07-Apr-2024 16:16:23 UTC] 
[07-Apr-2024 16:16:23 UTC] custom_lead_column email
[07-Apr-2024 16:16:23 UTC] 353
[07-Apr-2024 16:16:23 UTC] 
[07-Apr-2024 16:16:23 UTC] custom_lead_column email
[07-Apr-2024 16:16:23 UTC] 353
[07-Apr-2024 16:16:23 UTC] 
[07-Apr-2024 16:16:23 UTC] custom_lead_column email
[07-Apr-2024 16:16:23 UTC] 353
[07-Apr-2024 16:16:23 UTC] 
[07-Apr-2024 16:16:23 UTC] custom_lead_column email
[07-Apr-2024 16:16:23 UTC] 353
[07-Apr-2024 16:16:23 UTC] 
[07-Apr-2024 16:16:23 UTC] custom_lead_column email
[07-Apr-2024 16:16:23 UTC] 353
[07-Apr-2024 16:16:23 UTC] 
[07-Apr-2024 16:16:23 UTC] custom_lead_column email
[07-Apr-2024 16:16:23 UTC] 353
[07-Apr-2024 16:16:23 UTC] 
[07-Apr-2024 16:16:23 UTC] custom_lead_column email
[07-Apr-2024 16:16:23 UTC] 352
[07-Apr-2024 16:16:23 UTC] 
[07-Apr-2024 16:16:23 UTC] name
[07-Apr-2024 16:16:23 UTC] 
[07-Apr-2024 16:16:23 UTC] custom_lead_column email
[07-Apr-2024 16:16:23 UTC] 352
[07-Apr-2024 16:16:23 UTC] 
[07-Apr-2024 16:16:23 UTC] custom_lead_column email
[07-Apr-2024 16:16:23 UTC] 352
[07-Apr-2024 16:16:23 UTC] 
[07-Apr-2024 16:16:23 UTC] custom_lead_column email
[07-Apr-2024 16:16:23 UTC] 352
[07-Apr-2024 16:16:23 UTC] 
[07-Apr-2024 16:16:23 UTC] custom_lead_column email
[07-Apr-2024 16:16:23 UTC] 352
[07-Apr-2024 16:16:23 UTC] 
[07-Apr-2024 16:16:23 UTC] custom_lead_column email
[07-Apr-2024 16:16:23 UTC] 352
[07-Apr-2024 16:16:23 UTC] 
[07-Apr-2024 16:16:23 UTC] custom_lead_column email
[07-Apr-2024 16:16:23 UTC] 352
[07-Apr-2024 16:16:23 UTC] 
[07-Apr-2024 16:16:23 UTC] custom_lead_column email
[07-Apr-2024 16:16:23 UTC] 352
[07-Apr-2024 16:16:23 UTC] 
[07-Apr-2024 16:16:23 UTC] custom_lead_column email
[07-Apr-2024 16:16:23 UTC] 352
[07-Apr-2024 16:16:23 UTC] 
[07-Apr-2024 16:16:23 UTC] custom_lead_column email
[07-Apr-2024 16:16:23 UTC] 352
[07-Apr-2024 16:16:23 UTC] 
[07-Apr-2024 16:16:23 UTC] custom_lead_column email
[07-Apr-2024 16:16:23 UTC] 345
[07-Apr-2024 16:16:23 UTC] 
[07-Apr-2024 16:16:23 UTC] name
[07-Apr-2024 16:16:23 UTC] 
[07-Apr-2024 16:16:23 UTC] custom_lead_column email
[07-Apr-2024 16:16:23 UTC] 345
[07-Apr-2024 16:16:23 UTC] 
[07-Apr-2024 16:16:23 UTC] custom_lead_column email
[07-Apr-2024 16:16:23 UTC] 345
[07-Apr-2024 16:16:23 UTC] 
[07-Apr-2024 16:16:23 UTC] custom_lead_column email
[07-Apr-2024 16:16:23 UTC] 345
[07-Apr-2024 16:16:23 UTC] 
[07-Apr-2024 16:16:23 UTC] custom_lead_column email
[07-Apr-2024 16:16:23 UTC] 345
[07-Apr-2024 16:16:23 UTC] 
[07-Apr-2024 16:16:23 UTC] custom_lead_column email
[07-Apr-2024 16:16:23 UTC] 345
[07-Apr-2024 16:16:23 UTC] 
[07-Apr-2024 16:16:23 UTC] custom_lead_column email
[07-Apr-2024 16:16:23 UTC] 345
[07-Apr-2024 16:16:23 UTC] 
[07-Apr-2024 16:16:23 UTC] custom_lead_column email
[07-Apr-2024 16:16:23 UTC] 345
[07-Apr-2024 16:16:23 UTC] 
[07-Apr-2024 16:16:23 UTC] custom_lead_column email
[07-Apr-2024 16:16:23 UTC] 345
[07-Apr-2024 16:16:23 UTC] 
[07-Apr-2024 16:16:23 UTC] custom_lead_column email
[07-Apr-2024 16:16:23 UTC] 345
[07-Apr-2024 16:16:23 UTC] 
[07-Apr-2024 16:16:23 UTC] custom_lead_column email
[07-Apr-2024 16:16:23 UTC] 344
[07-Apr-2024 16:16:23 UTC] 
[07-Apr-2024 16:16:23 UTC] name
[07-Apr-2024 16:16:23 UTC] 
[07-Apr-2024 16:16:23 UTC] custom_lead_column email
[07-Apr-2024 16:16:23 UTC] 344
[07-Apr-2024 16:16:23 UTC] 
[07-Apr-2024 16:16:23 UTC] custom_lead_column email
[07-Apr-2024 16:16:23 UTC] 344
[07-Apr-2024 16:16:23 UTC] 
[07-Apr-2024 16:16:23 UTC] custom_lead_column email
[07-Apr-2024 16:16:23 UTC] 344
[07-Apr-2024 16:16:23 UTC] 
[07-Apr-2024 16:16:23 UTC] custom_lead_column email
[07-Apr-2024 16:16:23 UTC] 344
[07-Apr-2024 16:16:23 UTC] 
[07-Apr-2024 16:16:23 UTC] custom_lead_column email
[07-Apr-2024 16:16:23 UTC] 344
[07-Apr-2024 16:16:23 UTC] 
[07-Apr-2024 16:16:23 UTC] custom_lead_column email
[07-Apr-2024 16:16:23 UTC] 344
[07-Apr-2024 16:16:23 UTC] 
[07-Apr-2024 16:16:23 UTC] custom_lead_column email
[07-Apr-2024 16:16:23 UTC] 344
[07-Apr-2024 16:16:23 UTC] 
[07-Apr-2024 16:16:23 UTC] custom_lead_column email
[07-Apr-2024 16:16:23 UTC] 344
[07-Apr-2024 16:16:23 UTC] 
[07-Apr-2024 16:16:23 UTC] custom_lead_column email
[07-Apr-2024 16:16:23 UTC] 344
[07-Apr-2024 16:16:23 UTC] 
[07-Apr-2024 16:18:41 UTC] custom_lead_column email
[07-Apr-2024 16:18:41 UTC] 355
[07-Apr-2024 16:18:41 UTC] 
[07-Apr-2024 16:18:41 UTC] name
[07-Apr-2024 16:18:41 UTC] 
[07-Apr-2024 16:18:41 UTC] custom_lead_column email
[07-Apr-2024 16:18:41 UTC] 355
[07-Apr-2024 16:18:41 UTC] 
[07-Apr-2024 16:18:41 UTC] custom_lead_column email
[07-Apr-2024 16:18:41 UTC] 355
[07-Apr-2024 16:18:41 UTC] 
[07-Apr-2024 16:18:41 UTC] custom_lead_column email
[07-Apr-2024 16:18:41 UTC] 355
[07-Apr-2024 16:18:41 UTC] 
[07-Apr-2024 16:18:41 UTC] custom_lead_column email
[07-Apr-2024 16:18:41 UTC] 355
[07-Apr-2024 16:18:41 UTC] 
[07-Apr-2024 16:18:41 UTC] custom_lead_column email
[07-Apr-2024 16:18:41 UTC] 355
[07-Apr-2024 16:18:41 UTC] 
[07-Apr-2024 16:18:41 UTC] custom_lead_column email
[07-Apr-2024 16:18:41 UTC] 355
[07-Apr-2024 16:18:41 UTC] 
[07-Apr-2024 16:18:41 UTC] custom_lead_column email
[07-Apr-2024 16:18:41 UTC] 355
[07-Apr-2024 16:18:41 UTC] 
[07-Apr-2024 16:18:41 UTC] custom_lead_column email
[07-Apr-2024 16:18:41 UTC] 355
[07-Apr-2024 16:18:41 UTC] 
[07-Apr-2024 16:18:41 UTC] custom_lead_column email
[07-Apr-2024 16:18:41 UTC] 355
[07-Apr-2024 16:18:41 UTC] 
[07-Apr-2024 16:18:41 UTC] custom_lead_column email
[07-Apr-2024 16:18:41 UTC] 354
[07-Apr-2024 16:18:41 UTC] 
[07-Apr-2024 16:18:41 UTC] name
[07-Apr-2024 16:18:41 UTC] 
[07-Apr-2024 16:18:41 UTC] custom_lead_column email
[07-Apr-2024 16:18:41 UTC] 354
[07-Apr-2024 16:18:41 UTC] 
[07-Apr-2024 16:18:41 UTC] custom_lead_column email
[07-Apr-2024 16:18:41 UTC] 354
[07-Apr-2024 16:18:41 UTC] 
[07-Apr-2024 16:18:41 UTC] custom_lead_column email
[07-Apr-2024 16:18:41 UTC] 354
[07-Apr-2024 16:18:41 UTC] 
[07-Apr-2024 16:18:41 UTC] custom_lead_column email
[07-Apr-2024 16:18:41 UTC] 354
[07-Apr-2024 16:18:41 UTC] 
[07-Apr-2024 16:18:41 UTC] custom_lead_column email
[07-Apr-2024 16:18:41 UTC] 354
[07-Apr-2024 16:18:41 UTC] 
[07-Apr-2024 16:18:41 UTC] custom_lead_column email
[07-Apr-2024 16:18:41 UTC] 354
[07-Apr-2024 16:18:41 UTC] 
[07-Apr-2024 16:18:41 UTC] custom_lead_column email
[07-Apr-2024 16:18:41 UTC] 354
[07-Apr-2024 16:18:41 UTC] 
[07-Apr-2024 16:18:41 UTC] custom_lead_column email
[07-Apr-2024 16:18:41 UTC] 354
[07-Apr-2024 16:18:41 UTC] 
[07-Apr-2024 16:18:41 UTC] custom_lead_column email
[07-Apr-2024 16:18:41 UTC] 354
[07-Apr-2024 16:18:41 UTC] 
[07-Apr-2024 16:18:41 UTC] custom_lead_column email
[07-Apr-2024 16:18:41 UTC] 353
[07-Apr-2024 16:18:41 UTC] 
[07-Apr-2024 16:18:41 UTC] name
[07-Apr-2024 16:18:41 UTC] 
[07-Apr-2024 16:18:41 UTC] custom_lead_column email
[07-Apr-2024 16:18:41 UTC] 353
[07-Apr-2024 16:18:41 UTC] 
[07-Apr-2024 16:18:41 UTC] custom_lead_column email
[07-Apr-2024 16:18:41 UTC] 353
[07-Apr-2024 16:18:41 UTC] 
[07-Apr-2024 16:18:41 UTC] custom_lead_column email
[07-Apr-2024 16:18:41 UTC] 353
[07-Apr-2024 16:18:41 UTC] 
[07-Apr-2024 16:18:41 UTC] custom_lead_column email
[07-Apr-2024 16:18:41 UTC] 353
[07-Apr-2024 16:18:41 UTC] 
[07-Apr-2024 16:18:41 UTC] custom_lead_column email
[07-Apr-2024 16:18:41 UTC] 353
[07-Apr-2024 16:18:41 UTC] 
[07-Apr-2024 16:18:41 UTC] custom_lead_column email
[07-Apr-2024 16:18:41 UTC] 353
[07-Apr-2024 16:18:41 UTC] 
[07-Apr-2024 16:18:41 UTC] custom_lead_column email
[07-Apr-2024 16:18:41 UTC] 353
[07-Apr-2024 16:18:41 UTC] 
[07-Apr-2024 16:18:41 UTC] custom_lead_column email
[07-Apr-2024 16:18:41 UTC] 353
[07-Apr-2024 16:18:41 UTC] 
[07-Apr-2024 16:18:41 UTC] custom_lead_column email
[07-Apr-2024 16:18:41 UTC] 353
[07-Apr-2024 16:18:41 UTC] 
[07-Apr-2024 16:18:41 UTC] custom_lead_column email
[07-Apr-2024 16:18:41 UTC] 352
[07-Apr-2024 16:18:41 UTC] 
[07-Apr-2024 16:18:41 UTC] name
[07-Apr-2024 16:18:41 UTC] 
[07-Apr-2024 16:18:41 UTC] custom_lead_column email
[07-Apr-2024 16:18:41 UTC] 352
[07-Apr-2024 16:18:41 UTC] 
[07-Apr-2024 16:18:41 UTC] custom_lead_column email
[07-Apr-2024 16:18:41 UTC] 352
[07-Apr-2024 16:18:41 UTC] 
[07-Apr-2024 16:18:41 UTC] custom_lead_column email
[07-Apr-2024 16:18:41 UTC] 352
[07-Apr-2024 16:18:41 UTC] 
[07-Apr-2024 16:18:41 UTC] custom_lead_column email
[07-Apr-2024 16:18:41 UTC] 352
[07-Apr-2024 16:18:41 UTC] 
[07-Apr-2024 16:18:41 UTC] custom_lead_column email
[07-Apr-2024 16:18:41 UTC] 352
[07-Apr-2024 16:18:41 UTC] 
[07-Apr-2024 16:18:41 UTC] custom_lead_column email
[07-Apr-2024 16:18:41 UTC] 352
[07-Apr-2024 16:18:41 UTC] 
[07-Apr-2024 16:18:41 UTC] custom_lead_column email
[07-Apr-2024 16:18:41 UTC] 352
[07-Apr-2024 16:18:41 UTC] 
[07-Apr-2024 16:18:41 UTC] custom_lead_column email
[07-Apr-2024 16:18:41 UTC] 352
[07-Apr-2024 16:18:41 UTC] 
[07-Apr-2024 16:18:41 UTC] custom_lead_column email
[07-Apr-2024 16:18:41 UTC] 352
[07-Apr-2024 16:18:41 UTC] 
[07-Apr-2024 16:18:41 UTC] custom_lead_column email
[07-Apr-2024 16:18:41 UTC] 345
[07-Apr-2024 16:18:41 UTC] 
[07-Apr-2024 16:18:41 UTC] name
[07-Apr-2024 16:18:41 UTC] 
[07-Apr-2024 16:18:41 UTC] custom_lead_column email
[07-Apr-2024 16:18:41 UTC] 345
[07-Apr-2024 16:18:41 UTC] 
[07-Apr-2024 16:18:41 UTC] custom_lead_column email
[07-Apr-2024 16:18:41 UTC] 345
[07-Apr-2024 16:18:41 UTC] 
[07-Apr-2024 16:18:41 UTC] custom_lead_column email
[07-Apr-2024 16:18:41 UTC] 345
[07-Apr-2024 16:18:41 UTC] 
[07-Apr-2024 16:18:41 UTC] custom_lead_column email
[07-Apr-2024 16:18:41 UTC] 345
[07-Apr-2024 16:18:41 UTC] 
[07-Apr-2024 16:18:41 UTC] custom_lead_column email
[07-Apr-2024 16:18:41 UTC] 345
[07-Apr-2024 16:18:41 UTC] 
[07-Apr-2024 16:18:41 UTC] custom_lead_column email
[07-Apr-2024 16:18:41 UTC] 345
[07-Apr-2024 16:18:41 UTC] 
[07-Apr-2024 16:18:41 UTC] custom_lead_column email
[07-Apr-2024 16:18:41 UTC] 345
[07-Apr-2024 16:18:41 UTC] 
[07-Apr-2024 16:18:41 UTC] custom_lead_column email
[07-Apr-2024 16:18:41 UTC] 345
[07-Apr-2024 16:18:41 UTC] 
[07-Apr-2024 16:18:41 UTC] custom_lead_column email
[07-Apr-2024 16:18:41 UTC] 345
[07-Apr-2024 16:18:41 UTC] 
[07-Apr-2024 16:18:41 UTC] custom_lead_column email
[07-Apr-2024 16:18:41 UTC] 344
[07-Apr-2024 16:18:41 UTC] 
[07-Apr-2024 16:18:41 UTC] name
[07-Apr-2024 16:18:41 UTC] 
[07-Apr-2024 16:18:41 UTC] custom_lead_column email
[07-Apr-2024 16:18:41 UTC] 344
[07-Apr-2024 16:18:41 UTC] 
[07-Apr-2024 16:18:41 UTC] custom_lead_column email
[07-Apr-2024 16:18:41 UTC] 344
[07-Apr-2024 16:18:41 UTC] 
[07-Apr-2024 16:18:41 UTC] custom_lead_column email
[07-Apr-2024 16:18:41 UTC] 344
[07-Apr-2024 16:18:41 UTC] 
[07-Apr-2024 16:18:41 UTC] custom_lead_column email
[07-Apr-2024 16:18:41 UTC] 344
[07-Apr-2024 16:18:41 UTC] 
[07-Apr-2024 16:18:41 UTC] custom_lead_column email
[07-Apr-2024 16:18:41 UTC] 344
[07-Apr-2024 16:18:41 UTC] 
[07-Apr-2024 16:18:41 UTC] custom_lead_column email
[07-Apr-2024 16:18:41 UTC] 344
[07-Apr-2024 16:18:41 UTC] 
[07-Apr-2024 16:18:41 UTC] custom_lead_column email
[07-Apr-2024 16:18:41 UTC] 344
[07-Apr-2024 16:18:41 UTC] 
[07-Apr-2024 16:18:41 UTC] custom_lead_column email
[07-Apr-2024 16:18:41 UTC] 344
[07-Apr-2024 16:18:41 UTC] 
[07-Apr-2024 16:18:41 UTC] custom_lead_column email
[07-Apr-2024 16:18:41 UTC] 344
[07-Apr-2024 16:18:41 UTC] 
[07-Apr-2024 16:18:47 UTC] custom_lead_column email
[07-Apr-2024 16:18:47 UTC] 354
[07-Apr-2024 16:18:47 UTC] 
[07-Apr-2024 16:18:47 UTC] name
[07-Apr-2024 16:18:47 UTC] 
[07-Apr-2024 16:18:47 UTC] custom_lead_column email
[07-Apr-2024 16:18:47 UTC] 354
[07-Apr-2024 16:18:47 UTC] 
[07-Apr-2024 16:18:47 UTC] custom_lead_column email
[07-Apr-2024 16:18:47 UTC] 354
[07-Apr-2024 16:18:47 UTC] 
[07-Apr-2024 16:18:47 UTC] custom_lead_column email
[07-Apr-2024 16:18:47 UTC] 354
[07-Apr-2024 16:18:47 UTC] 
[07-Apr-2024 16:18:47 UTC] custom_lead_column email
[07-Apr-2024 16:18:47 UTC] 354
[07-Apr-2024 16:18:47 UTC] 
[07-Apr-2024 16:18:47 UTC] custom_lead_column email
[07-Apr-2024 16:18:47 UTC] 354
[07-Apr-2024 16:18:47 UTC] 
[07-Apr-2024 16:18:47 UTC] custom_lead_column email
[07-Apr-2024 16:18:47 UTC] 354
[07-Apr-2024 16:18:47 UTC] 
[07-Apr-2024 16:18:47 UTC] custom_lead_column email
[07-Apr-2024 16:18:47 UTC] 354
[07-Apr-2024 16:18:47 UTC] 
[07-Apr-2024 16:18:47 UTC] custom_lead_column email
[07-Apr-2024 16:18:47 UTC] 354
[07-Apr-2024 16:18:47 UTC] 
[07-Apr-2024 16:18:47 UTC] custom_lead_column email
[07-Apr-2024 16:18:47 UTC] 354
[07-Apr-2024 16:18:47 UTC] 
[07-Apr-2024 16:18:47 UTC] custom_lead_column email
[07-Apr-2024 16:18:47 UTC] 353
[07-Apr-2024 16:18:47 UTC] 
[07-Apr-2024 16:18:47 UTC] name
[07-Apr-2024 16:18:47 UTC] 
[07-Apr-2024 16:18:47 UTC] custom_lead_column email
[07-Apr-2024 16:18:47 UTC] 353
[07-Apr-2024 16:18:47 UTC] 
[07-Apr-2024 16:18:47 UTC] custom_lead_column email
[07-Apr-2024 16:18:47 UTC] 353
[07-Apr-2024 16:18:47 UTC] 
[07-Apr-2024 16:18:47 UTC] custom_lead_column email
[07-Apr-2024 16:18:47 UTC] 353
[07-Apr-2024 16:18:47 UTC] 
[07-Apr-2024 16:18:47 UTC] custom_lead_column email
[07-Apr-2024 16:18:47 UTC] 353
[07-Apr-2024 16:18:47 UTC] 
[07-Apr-2024 16:18:47 UTC] custom_lead_column email
[07-Apr-2024 16:18:47 UTC] 353
[07-Apr-2024 16:18:47 UTC] 
[07-Apr-2024 16:18:47 UTC] custom_lead_column email
[07-Apr-2024 16:18:47 UTC] 353
[07-Apr-2024 16:18:47 UTC] 
[07-Apr-2024 16:18:47 UTC] custom_lead_column email
[07-Apr-2024 16:18:47 UTC] 353
[07-Apr-2024 16:18:47 UTC] 
[07-Apr-2024 16:18:47 UTC] custom_lead_column email
[07-Apr-2024 16:18:47 UTC] 353
[07-Apr-2024 16:18:47 UTC] 
[07-Apr-2024 16:18:47 UTC] custom_lead_column email
[07-Apr-2024 16:18:47 UTC] 353
[07-Apr-2024 16:18:47 UTC] 
[07-Apr-2024 16:18:47 UTC] custom_lead_column email
[07-Apr-2024 16:18:47 UTC] 352
[07-Apr-2024 16:18:47 UTC] 
[07-Apr-2024 16:18:47 UTC] name
[07-Apr-2024 16:18:47 UTC] 
[07-Apr-2024 16:18:47 UTC] custom_lead_column email
[07-Apr-2024 16:18:47 UTC] 352
[07-Apr-2024 16:18:47 UTC] 
[07-Apr-2024 16:18:47 UTC] custom_lead_column email
[07-Apr-2024 16:18:47 UTC] 352
[07-Apr-2024 16:18:47 UTC] 
[07-Apr-2024 16:18:47 UTC] custom_lead_column email
[07-Apr-2024 16:18:47 UTC] 352
[07-Apr-2024 16:18:47 UTC] 
[07-Apr-2024 16:18:47 UTC] custom_lead_column email
[07-Apr-2024 16:18:47 UTC] 352
[07-Apr-2024 16:18:47 UTC] 
[07-Apr-2024 16:18:47 UTC] custom_lead_column email
[07-Apr-2024 16:18:47 UTC] 352
[07-Apr-2024 16:18:47 UTC] 
[07-Apr-2024 16:18:47 UTC] custom_lead_column email
[07-Apr-2024 16:18:47 UTC] 352
[07-Apr-2024 16:18:47 UTC] 
[07-Apr-2024 16:18:47 UTC] custom_lead_column email
[07-Apr-2024 16:18:47 UTC] 352
[07-Apr-2024 16:18:47 UTC] 
[07-Apr-2024 16:18:47 UTC] custom_lead_column email
[07-Apr-2024 16:18:47 UTC] 352
[07-Apr-2024 16:18:47 UTC] 
[07-Apr-2024 16:18:47 UTC] custom_lead_column email
[07-Apr-2024 16:18:47 UTC] 352
[07-Apr-2024 16:18:47 UTC] 
[07-Apr-2024 16:18:47 UTC] custom_lead_column email
[07-Apr-2024 16:18:47 UTC] 345
[07-Apr-2024 16:18:47 UTC] 
[07-Apr-2024 16:18:47 UTC] name
[07-Apr-2024 16:18:47 UTC] 
[07-Apr-2024 16:18:47 UTC] custom_lead_column email
[07-Apr-2024 16:18:47 UTC] 345
[07-Apr-2024 16:18:47 UTC] 
[07-Apr-2024 16:18:47 UTC] custom_lead_column email
[07-Apr-2024 16:18:47 UTC] 345
[07-Apr-2024 16:18:47 UTC] 
[07-Apr-2024 16:18:47 UTC] custom_lead_column email
[07-Apr-2024 16:18:47 UTC] 345
[07-Apr-2024 16:18:47 UTC] 
[07-Apr-2024 16:18:47 UTC] custom_lead_column email
[07-Apr-2024 16:18:47 UTC] 345
[07-Apr-2024 16:18:47 UTC] 
[07-Apr-2024 16:18:47 UTC] custom_lead_column email
[07-Apr-2024 16:18:47 UTC] 345
[07-Apr-2024 16:18:47 UTC] 
[07-Apr-2024 16:18:47 UTC] custom_lead_column email
[07-Apr-2024 16:18:47 UTC] 345
[07-Apr-2024 16:18:47 UTC] 
[07-Apr-2024 16:18:47 UTC] custom_lead_column email
[07-Apr-2024 16:18:47 UTC] 345
[07-Apr-2024 16:18:47 UTC] 
[07-Apr-2024 16:18:47 UTC] custom_lead_column email
[07-Apr-2024 16:18:47 UTC] 345
[07-Apr-2024 16:18:47 UTC] 
[07-Apr-2024 16:18:47 UTC] custom_lead_column email
[07-Apr-2024 16:18:47 UTC] 345
[07-Apr-2024 16:18:47 UTC] 
[07-Apr-2024 16:18:47 UTC] custom_lead_column email
[07-Apr-2024 16:18:47 UTC] 344
[07-Apr-2024 16:18:47 UTC] 
[07-Apr-2024 16:18:47 UTC] name
[07-Apr-2024 16:18:47 UTC] 
[07-Apr-2024 16:18:47 UTC] custom_lead_column email
[07-Apr-2024 16:18:47 UTC] 344
[07-Apr-2024 16:18:47 UTC] 
[07-Apr-2024 16:18:47 UTC] custom_lead_column email
[07-Apr-2024 16:18:47 UTC] 344
[07-Apr-2024 16:18:47 UTC] 
[07-Apr-2024 16:18:47 UTC] custom_lead_column email
[07-Apr-2024 16:18:47 UTC] 344
[07-Apr-2024 16:18:47 UTC] 
[07-Apr-2024 16:18:47 UTC] custom_lead_column email
[07-Apr-2024 16:18:47 UTC] 344
[07-Apr-2024 16:18:47 UTC] 
[07-Apr-2024 16:18:47 UTC] custom_lead_column email
[07-Apr-2024 16:18:47 UTC] 344
[07-Apr-2024 16:18:47 UTC] 
[07-Apr-2024 16:18:47 UTC] custom_lead_column email
[07-Apr-2024 16:18:47 UTC] 344
[07-Apr-2024 16:18:47 UTC] 
[07-Apr-2024 16:18:47 UTC] custom_lead_column email
[07-Apr-2024 16:18:47 UTC] 344
[07-Apr-2024 16:18:47 UTC] 
[07-Apr-2024 16:18:47 UTC] custom_lead_column email
[07-Apr-2024 16:18:47 UTC] 344
[07-Apr-2024 16:18:47 UTC] 
[07-Apr-2024 16:18:47 UTC] custom_lead_column email
[07-Apr-2024 16:18:47 UTC] 344
[07-Apr-2024 16:18:47 UTC] 
